TimeQuest Timing Analyzer report for semaphore
Tue Dec 06 17:54:16 2022
Quartus II 64-Bit Version 13.1.0 Build 162 10/23/2013 SJ Web Edition


---------------------
; Table of Contents ;
---------------------
  1. Legal Notice
  2. TimeQuest Timing Analyzer Summary
  3. Parallel Compilation
  4. Clocks
  5. Slow 1200mV 85C Model Fmax Summary
  6. Timing Closure Recommendations
  7. Slow 1200mV 85C Model Setup Summary
  8. Slow 1200mV 85C Model Hold Summary
  9. Slow 1200mV 85C Model Recovery Summary
 10. Slow 1200mV 85C Model Removal Summary
 11. Slow 1200mV 85C Model Minimum Pulse Width Summary
 12. Slow 1200mV 85C Model Setup: 'clock'
 13. Slow 1200mV 85C Model Hold: 'clock'
 14. Slow 1200mV 85C Model Recovery: 'clock'
 15. Slow 1200mV 85C Model Removal: 'clock'
 16. Slow 1200mV 85C Model Minimum Pulse Width: 'clock'
 17. Setup Times
 18. Hold Times
 19. Clock to Output Times
 20. Minimum Clock to Output Times
 21. Propagation Delay
 22. Minimum Propagation Delay
 23. Slow 1200mV 85C Model Metastability Report
 24. Slow 1200mV 0C Model Fmax Summary
 25. Slow 1200mV 0C Model Setup Summary
 26. Slow 1200mV 0C Model Hold Summary
 27. Slow 1200mV 0C Model Recovery Summary
 28. Slow 1200mV 0C Model Removal Summary
 29. Slow 1200mV 0C Model Minimum Pulse Width Summary
 30. Slow 1200mV 0C Model Setup: 'clock'
 31. Slow 1200mV 0C Model Hold: 'clock'
 32. Slow 1200mV 0C Model Recovery: 'clock'
 33. Slow 1200mV 0C Model Removal: 'clock'
 34. Slow 1200mV 0C Model Minimum Pulse Width: 'clock'
 35. Setup Times
 36. Hold Times
 37. Clock to Output Times
 38. Minimum Clock to Output Times
 39. Propagation Delay
 40. Minimum Propagation Delay
 41. Slow 1200mV 0C Model Metastability Report
 42. Fast 1200mV 0C Model Setup Summary
 43. Fast 1200mV 0C Model Hold Summary
 44. Fast 1200mV 0C Model Recovery Summary
 45. Fast 1200mV 0C Model Removal Summary
 46. Fast 1200mV 0C Model Minimum Pulse Width Summary
 47. Fast 1200mV 0C Model Setup: 'clock'
 48. Fast 1200mV 0C Model Hold: 'clock'
 49. Fast 1200mV 0C Model Recovery: 'clock'
 50. Fast 1200mV 0C Model Removal: 'clock'
 51. Fast 1200mV 0C Model Minimum Pulse Width: 'clock'
 52. Setup Times
 53. Hold Times
 54. Clock to Output Times
 55. Minimum Clock to Output Times
 56. Propagation Delay
 57. Minimum Propagation Delay
 58. Fast 1200mV 0C Model Metastability Report
 59. Multicorner Timing Analysis Summary
 60. Setup Times
 61. Hold Times
 62. Clock to Output Times
 63. Minimum Clock to Output Times
 64. Propagation Delay
 65. Minimum Propagation Delay
 66. Board Trace Model Assignments
 67. Input Transition Times
 68. Slow Corner Signal Integrity Metrics
 69. Fast Corner Signal Integrity Metrics
 70. Setup Transfers
 71. Hold Transfers
 72. Recovery Transfers
 73. Removal Transfers
 74. Report TCCS
 75. Report RSKM
 76. Unconstrained Paths
 77. TimeQuest Timing Analyzer Messages



----------------
; Legal Notice ;
----------------
Copyright (C) 1991-2013 Altera Corporation
Your use of Altera Corporation's design tools, logic functions 
and other software and tools, and its AMPP partner logic 
functions, and any output files from any of the foregoing 
(including device programming or simulation files), and any 
associated documentation or information are expressly subject 
to the terms and conditions of the Altera Program License 
Subscription Agreement, Altera MegaCore Function License 
Agreement, or other applicable license agreement, including, 
without limitation, that your use is for the sole purpose of 
programming logic devices manufactured by Altera and sold by 
Altera or its authorized distributors.  Please refer to the 
applicable agreement for further details.



+-------------------------------------------------------------------------+
; TimeQuest Timing Analyzer Summary                                       ;
+--------------------+----------------------------------------------------+
; Quartus II Version ; Version 13.1.0 Build 162 10/23/2013 SJ Web Edition ;
; Revision Name      ; semaphore                                          ;
; Device Family      ; Cyclone III                                        ;
; Device Name        ; EP3C16F484C6                                       ;
; Timing Models      ; Final                                              ;
; Delay Model        ; Combined                                           ;
; Rise/Fall Delays   ; Enabled                                            ;
+--------------------+----------------------------------------------------+


+------------------------------------------+
; Parallel Compilation                     ;
+----------------------------+-------------+
; Processors                 ; Number      ;
+----------------------------+-------------+
; Number detected on machine ; 8           ;
; Maximum allowed            ; 4           ;
;                            ;             ;
; Average used               ; 1.00        ;
; Maximum used               ; 4           ;
;                            ;             ;
; Usage by Processor         ; % Time Used ;
;     Processor 1            ; 100.0%      ;
;     Processors 2-4         ; < 0.1%      ;
;     Processors 5-8         ;   0.0%      ;
+----------------------------+-------------+


+-----------------------------------------------------------------------------------------------------------------------------------------------------------------------------------+
; Clocks                                                                                                                                                                            ;
+------------+------+--------+------------+-------+-------+------------+-----------+-------------+-------+--------+-----------+------------+----------+--------+--------+-----------+
; Clock Name ; Type ; Period ; Frequency  ; Rise  ; Fall  ; Duty Cycle ; Divide by ; Multiply by ; Phase ; Offset ; Edge List ; Edge Shift ; Inverted ; Master ; Source ; Targets   ;
+------------+------+--------+------------+-------+-------+------------+-----------+-------------+-------+--------+-----------+------------+----------+--------+--------+-----------+
; clock      ; Base ; 1.000  ; 1000.0 MHz ; 0.000 ; 0.500 ;            ;           ;             ;       ;        ;           ;            ;          ;        ;        ; { clock } ;
+------------+------+--------+------------+-------+-------+------------+-----------+-------------+-------+--------+-----------+------------+----------+--------+--------+-----------+


+-----------------------------------------------------------------------------------------------------------+
; Slow 1200mV 85C Model Fmax Summary                                                                        ;
+------------+-----------------+------------+---------------------------------------------------------------+
; Fmax       ; Restricted Fmax ; Clock Name ; Note                                                          ;
+------------+-----------------+------------+---------------------------------------------------------------+
; 402.25 MHz ; 250.0 MHz       ; clock      ; limit due to minimum period restriction (max I/O toggle rate) ;
+------------+-----------------+------------+---------------------------------------------------------------+
This panel reports FMAX for every clock in the design, regardless of the user-specified clock periods.  FMAX is only computed for paths where the source and destination registers or ports are driven by the same clock.  Paths of different clocks, including generated clocks, are ignored.  For paths between a clock and its inversion, FMAX is computed as if the rising and falling edges are scaled along with FMAX, such that the duty cycle (in terms of a percentage) is maintained. Altera recommends that you always use clock constraints and other slack reports for sign-off analysis.


----------------------------------
; Timing Closure Recommendations ;
----------------------------------
HTML report is unavailable in plain text report export.


+-------------------------------------+
; Slow 1200mV 85C Model Setup Summary ;
+-------+--------+--------------------+
; Clock ; Slack  ; End Point TNS      ;
+-------+--------+--------------------+
; clock ; -1.486 ; -5.799             ;
+-------+--------+--------------------+


+------------------------------------+
; Slow 1200mV 85C Model Hold Summary ;
+-------+--------+-------------------+
; Clock ; Slack  ; End Point TNS     ;
+-------+--------+-------------------+
; clock ; -0.219 ; -0.347            ;
+-------+--------+-------------------+


+----------------------------------------+
; Slow 1200mV 85C Model Recovery Summary ;
+-------+--------+-----------------------+
; Clock ; Slack  ; End Point TNS         ;
+-------+--------+-----------------------+
; clock ; -0.335 ; -0.943                ;
+-------+--------+-----------------------+


+---------------------------------------+
; Slow 1200mV 85C Model Removal Summary ;
+-------+--------+----------------------+
; Clock ; Slack  ; End Point TNS        ;
+-------+--------+----------------------+
; clock ; -0.281 ; -0.790               ;
+-------+--------+----------------------+


+---------------------------------------------------+
; Slow 1200mV 85C Model Minimum Pulse Width Summary ;
+-------+--------+----------------------------------+
; Clock ; Slack  ; End Point TNS                    ;
+-------+--------+----------------------------------+
; clock ; -3.000 ; -3.000                           ;
+-------+--------+----------------------------------+


+-----------------------------------------------------------------------------------------------------+
; Slow 1200mV 85C Model Setup: 'clock'                                                                ;
+--------+-----------+----------+--------------+-------------+--------------+------------+------------+
; Slack  ; From Node ; To Node  ; Launch Clock ; Latch Clock ; Relationship ; Clock Skew ; Data Delay ;
+--------+-----------+----------+--------------+-------------+--------------+------------+------------+
; -1.486 ; count[1]  ; count[2] ; clock        ; clock       ; 1.000        ; -0.042     ; 1.660      ;
; -1.461 ; count[1]  ; count[3] ; clock        ; clock       ; 1.000        ; 0.091      ; 1.517      ;
; -1.456 ; count[1]  ; count[4] ; clock        ; clock       ; 1.000        ; 0.089      ; 1.648      ;
; -1.423 ; count[2]  ; count[3] ; clock        ; clock       ; 1.000        ; 0.090      ; 1.478      ;
; -1.396 ; count[1]  ; count[1] ; clock        ; clock       ; 1.000        ; -0.043     ; 1.602      ;
; -1.363 ; count[3]  ; count[4] ; clock        ; clock       ; 1.000        ; -0.051     ; 1.415      ;
; -1.271 ; count[2]  ; count[4] ; clock        ; clock       ; 1.000        ; 0.088      ; 1.462      ;
; -1.046 ; count[3]  ; count[3] ; clock        ; clock       ; 1.000        ; -0.049     ; 0.962      ;
; -0.907 ; count[4]  ; count[4] ; clock        ; clock       ; 1.000        ; -0.048     ; 0.962      ;
; -0.883 ; count[2]  ; count[2] ; clock        ; clock       ; 1.000        ; -0.043     ; 1.056      ;
; -0.560 ; clock     ; count[2] ; clock        ; clock       ; 0.500        ; 2.475      ; 2.751      ;
; -0.530 ; clock     ; count[3] ; clock        ; clock       ; 0.500        ; 2.608      ; 2.603      ;
; -0.530 ; clock     ; count[4] ; clock        ; clock       ; 0.500        ; 2.606      ; 2.739      ;
; -0.463 ; clock     ; count[1] ; clock        ; clock       ; 0.500        ; 2.474      ; 2.686      ;
; -0.233 ; clock     ; count[2] ; clock        ; clock       ; 1.000        ; 2.475      ; 2.924      ;
; -0.203 ; clock     ; count[3] ; clock        ; clock       ; 1.000        ; 2.608      ; 2.776      ;
; -0.203 ; clock     ; count[4] ; clock        ; clock       ; 1.000        ; 2.606      ; 2.912      ;
; -0.127 ; clock     ; count[1] ; clock        ; clock       ; 1.000        ; 2.474      ; 2.850      ;
+--------+-----------+----------+--------------+-------------+--------------+------------+------------+


+-----------------------------------------------------------------------------------------------------+
; Slow 1200mV 85C Model Hold: 'clock'                                                                 ;
+--------+-----------+----------+--------------+-------------+--------------+------------+------------+
; Slack  ; From Node ; To Node  ; Launch Clock ; Latch Clock ; Relationship ; Clock Skew ; Data Delay ;
+--------+-----------+----------+--------------+-------------+--------------+------------+------------+
; -0.219 ; clock     ; count[3] ; clock        ; clock       ; 0.000        ; 2.679      ; 2.460      ;
; -0.128 ; clock     ; count[4] ; clock        ; clock       ; 0.000        ; 2.676      ; 2.548      ;
; 0.002  ; clock     ; count[2] ; clock        ; clock       ; 0.000        ; 2.540      ; 2.542      ;
; 0.089  ; clock     ; count[3] ; clock        ; clock       ; -0.500       ; 2.679      ; 2.288      ;
; 0.143  ; clock     ; count[1] ; clock        ; clock       ; 0.000        ; 2.539      ; 2.682      ;
; 0.189  ; clock     ; count[4] ; clock        ; clock       ; -0.500       ; 2.676      ; 2.385      ;
; 0.319  ; clock     ; count[2] ; clock        ; clock       ; -0.500       ; 2.540      ; 2.379      ;
; 0.460  ; clock     ; count[1] ; clock        ; clock       ; -0.500       ; 2.539      ; 2.519      ;
; 0.747  ; count[4]  ; count[4] ; clock        ; clock       ; 0.000        ; 0.048      ; 0.795      ;
; 0.759  ; count[3]  ; count[3] ; clock        ; clock       ; 0.000        ; 0.049      ; 0.808      ;
; 0.858  ; count[2]  ; count[2] ; clock        ; clock       ; 0.000        ; 0.043      ; 0.901      ;
; 0.886  ; count[2]  ; count[3] ; clock        ; clock       ; 0.000        ; 0.182      ; 1.068      ;
; 0.988  ; count[2]  ; count[4] ; clock        ; clock       ; 0.000        ; 0.179      ; 1.167      ;
; 1.027  ; count[1]  ; count[3] ; clock        ; clock       ; 0.000        ; 0.183      ; 1.210      ;
; 1.047  ; count[3]  ; count[4] ; clock        ; clock       ; 0.000        ; 0.046      ; 1.093      ;
; 1.138  ; count[1]  ; count[4] ; clock        ; clock       ; 0.000        ; 0.180      ; 1.318      ;
; 1.268  ; count[1]  ; count[2] ; clock        ; clock       ; 0.000        ; 0.044      ; 1.312      ;
; 1.406  ; count[1]  ; count[1] ; clock        ; clock       ; 0.000        ; 0.043      ; 1.449      ;
+--------+-----------+----------+--------------+-------------+--------------+------------+------------+


+-----------------------------------------------------------------------------------------------------+
; Slow 1200mV 85C Model Recovery: 'clock'                                                             ;
+--------+-----------+----------+--------------+-------------+--------------+------------+------------+
; Slack  ; From Node ; To Node  ; Launch Clock ; Latch Clock ; Relationship ; Clock Skew ; Data Delay ;
+--------+-----------+----------+--------------+-------------+--------------+------------+------------+
; -0.335 ; clock     ; count[3] ; clock        ; clock       ; 0.500        ; 2.608      ; 2.408      ;
; -0.222 ; clock     ; count[2] ; clock        ; clock       ; 0.500        ; 2.475      ; 2.413      ;
; -0.203 ; clock     ; count[4] ; clock        ; clock       ; 0.500        ; 2.606      ; 2.412      ;
; -0.183 ; clock     ; count[1] ; clock        ; clock       ; 0.500        ; 2.474      ; 2.406      ;
; -0.033 ; clock     ; count[3] ; clock        ; clock       ; 1.000        ; 2.608      ; 2.606      ;
; 0.077  ; clock     ; count[2] ; clock        ; clock       ; 1.000        ; 2.475      ; 2.614      ;
; 0.096  ; clock     ; count[4] ; clock        ; clock       ; 1.000        ; 2.606      ; 2.613      ;
; 0.126  ; clock     ; count[1] ; clock        ; clock       ; 1.000        ; 2.474      ; 2.597      ;
+--------+-----------+----------+--------------+-------------+--------------+------------+------------+


+-----------------------------------------------------------------------------------------------------+
; Slow 1200mV 85C Model Removal: 'clock'                                                              ;
+--------+-----------+----------+--------------+-------------+--------------+------------+------------+
; Slack  ; From Node ; To Node  ; Launch Clock ; Latch Clock ; Relationship ; Clock Skew ; Data Delay ;
+--------+-----------+----------+--------------+-------------+--------------+------------+------------+
; -0.281 ; clock     ; count[3] ; clock        ; clock       ; 0.000        ; 2.679      ; 2.398      ;
; -0.271 ; clock     ; count[4] ; clock        ; clock       ; 0.000        ; 2.676      ; 2.405      ;
; -0.135 ; clock     ; count[2] ; clock        ; clock       ; 0.000        ; 2.540      ; 2.405      ;
; -0.103 ; clock     ; count[1] ; clock        ; clock       ; 0.000        ; 2.539      ; 2.436      ;
; 0.024  ; clock     ; count[3] ; clock        ; clock       ; -0.500       ; 2.679      ; 2.223      ;
; 0.031  ; clock     ; count[4] ; clock        ; clock       ; -0.500       ; 2.676      ; 2.227      ;
; 0.168  ; clock     ; count[2] ; clock        ; clock       ; -0.500       ; 2.540      ; 2.228      ;
; 0.185  ; clock     ; count[1] ; clock        ; clock       ; -0.500       ; 2.539      ; 2.244      ;
+--------+-----------+----------+--------------+-------------+--------------+------------+------------+


+--------------------------------------------------------------------------------------------------------------+
; Slow 1200mV 85C Model Minimum Pulse Width: 'clock'                                                           ;
+--------+--------------+----------------+------------------+-------+------------+-----------------------------+
; Slack  ; Actual Width ; Required Width ; Type             ; Clock ; Clock Edge ; Target                      ;
+--------+--------------+----------------+------------------+-------+------------+-----------------------------+
; -3.000 ; 1.000        ; 4.000          ; Port Rate        ; clock ; Rise       ; clock                       ;
; 0.324  ; 0.324        ; 0.000          ; High Pulse Width ; clock ; Fall       ; count[3]                    ;
; 0.325  ; 0.325        ; 0.000          ; Low Pulse Width  ; clock ; Rise       ; count[3]|datac              ;
; 0.325  ; 0.325        ; 0.000          ; High Pulse Width ; clock ; Fall       ; count[4]                    ;
; 0.326  ; 0.326        ; 0.000          ; Low Pulse Width  ; clock ; Rise       ; count[4]|datac              ;
; 0.333  ; 0.333        ; 0.000          ; Low Pulse Width  ; clock ; Rise       ; count[1]|datad              ;
; 0.333  ; 0.333        ; 0.000          ; Low Pulse Width  ; clock ; Rise       ; count[2]|datad              ;
; 0.339  ; 0.339        ; 0.000          ; Low Pulse Width  ; clock ; Rise       ; clock~input|o               ;
; 0.353  ; 0.353        ; 0.000          ; High Pulse Width ; clock ; Fall       ; count[1]                    ;
; 0.353  ; 0.353        ; 0.000          ; High Pulse Width ; clock ; Fall       ; count[2]                    ;
; 0.356  ; 0.356        ; 0.000          ; Low Pulse Width  ; clock ; Rise       ; clock~inputclkctrl|inclk[0] ;
; 0.356  ; 0.356        ; 0.000          ; Low Pulse Width  ; clock ; Rise       ; clock~inputclkctrl|outclk   ;
; 0.500  ; 0.500        ; 0.000          ; High Pulse Width ; clock ; Rise       ; clock~input|i               ;
; 0.500  ; 0.500        ; 0.000          ; Low Pulse Width  ; clock ; Rise       ; clock~input|i               ;
; 0.643  ; 0.643        ; 0.000          ; High Pulse Width ; clock ; Rise       ; clock~inputclkctrl|inclk[0] ;
; 0.643  ; 0.643        ; 0.000          ; High Pulse Width ; clock ; Rise       ; clock~inputclkctrl|outclk   ;
; 0.647  ; 0.647        ; 0.000          ; Low Pulse Width  ; clock ; Fall       ; count[1]                    ;
; 0.647  ; 0.647        ; 0.000          ; Low Pulse Width  ; clock ; Fall       ; count[2]                    ;
; 0.661  ; 0.661        ; 0.000          ; High Pulse Width ; clock ; Rise       ; clock~input|o               ;
; 0.667  ; 0.667        ; 0.000          ; High Pulse Width ; clock ; Rise       ; count[1]|datad              ;
; 0.667  ; 0.667        ; 0.000          ; High Pulse Width ; clock ; Rise       ; count[2]|datad              ;
; 0.674  ; 0.674        ; 0.000          ; High Pulse Width ; clock ; Rise       ; count[3]|datac              ;
; 0.674  ; 0.674        ; 0.000          ; High Pulse Width ; clock ; Rise       ; count[4]|datac              ;
; 0.675  ; 0.675        ; 0.000          ; Low Pulse Width  ; clock ; Fall       ; count[3]                    ;
; 0.675  ; 0.675        ; 0.000          ; Low Pulse Width  ; clock ; Fall       ; count[4]                    ;
+--------+--------------+----------------+------------------+-------+------------+-----------------------------+


+-----------------------------------------------------------------------+
; Setup Times                                                           ;
+-----------+------------+-------+-------+------------+-----------------+
; Data Port ; Clock Port ; Rise  ; Fall  ; Clock Edge ; Clock Reference ;
+-----------+------------+-------+-------+------------+-----------------+
; clock     ; clock      ; 1.040 ; 1.213 ; Fall       ; clock           ;
; reset     ; clock      ; 3.468 ; 3.887 ; Fall       ; clock           ;
+-----------+------------+-------+-------+------------+-----------------+


+-------------------------------------------------------------------------+
; Hold Times                                                              ;
+-----------+------------+--------+--------+------------+-----------------+
; Data Port ; Clock Port ; Rise   ; Fall   ; Clock Edge ; Clock Reference ;
+-----------+------------+--------+--------+------------+-----------------+
; clock     ; clock      ; 0.391  ; 0.219  ; Fall       ; clock           ;
; reset     ; clock      ; -2.052 ; -2.340 ; Fall       ; clock           ;
+-----------+------------+--------+--------+------------+-----------------+


+-----------------------------------------------------------------------+
; Clock to Output Times                                                 ;
+-----------+------------+-------+-------+------------+-----------------+
; Data Port ; Clock Port ; Rise  ; Fall  ; Clock Edge ; Clock Reference ;
+-----------+------------+-------+-------+------------+-----------------+
; q[*]      ; clock      ; 4.258 ; 4.229 ; Rise       ; clock           ;
;  q[0]     ; clock      ; 4.258 ; 4.229 ; Rise       ; clock           ;
; q[*]      ; clock      ; 5.545 ; 5.563 ; Fall       ; clock           ;
;  q[0]     ; clock      ; 4.258 ; 4.229 ; Fall       ; clock           ;
;  q[1]     ; clock      ; 5.383 ; 5.384 ; Fall       ; clock           ;
;  q[2]     ; clock      ; 5.237 ; 5.217 ; Fall       ; clock           ;
;  q[3]     ; clock      ; 5.545 ; 5.563 ; Fall       ; clock           ;
;  q[4]     ; clock      ; 5.508 ; 5.504 ; Fall       ; clock           ;
+-----------+------------+-------+-------+------------+-----------------+


+-----------------------------------------------------------------------+
; Minimum Clock to Output Times                                         ;
+-----------+------------+-------+-------+------------+-----------------+
; Data Port ; Clock Port ; Rise  ; Fall  ; Clock Edge ; Clock Reference ;
+-----------+------------+-------+-------+------------+-----------------+
; q[*]      ; clock      ; 4.041 ; 4.022 ; Rise       ; clock           ;
;  q[0]     ; clock      ; 4.041 ; 4.022 ; Rise       ; clock           ;
; q[*]      ; clock      ; 4.041 ; 4.022 ; Fall       ; clock           ;
;  q[0]     ; clock      ; 4.041 ; 4.022 ; Fall       ; clock           ;
;  q[1]     ; clock      ; 5.293 ; 5.293 ; Fall       ; clock           ;
;  q[2]     ; clock      ; 5.153 ; 5.133 ; Fall       ; clock           ;
;  q[3]     ; clock      ; 5.448 ; 5.465 ; Fall       ; clock           ;
;  q[4]     ; clock      ; 5.413 ; 5.409 ; Fall       ; clock           ;
+-----------+------------+-------+-------+------------+-----------------+


+----------------------------------------------------+
; Propagation Delay                                  ;
+------------+-------------+----+-------+-------+----+
; Input Port ; Output Port ; RR ; RF    ; FR    ; FF ;
+------------+-------------+----+-------+-------+----+
; reset      ; q[0]        ;    ; 6.523 ; 6.932 ;    ;
+------------+-------------+----+-------+-------+----+


+----------------------------------------------------+
; Minimum Propagation Delay                          ;
+------------+-------------+----+-------+-------+----+
; Input Port ; Output Port ; RR ; RF    ; FR    ; FF ;
+------------+-------------+----+-------+-------+----+
; reset      ; q[0]        ;    ; 6.375 ; 6.772 ;    ;
+------------+-------------+----+-------+-------+----+


----------------------------------------------
; Slow 1200mV 85C Model Metastability Report ;
----------------------------------------------
No synchronizer chains to report.


+-----------------------------------------------------------------------------------------------------------+
; Slow 1200mV 0C Model Fmax Summary                                                                         ;
+------------+-----------------+------------+---------------------------------------------------------------+
; Fmax       ; Restricted Fmax ; Clock Name ; Note                                                          ;
+------------+-----------------+------------+---------------------------------------------------------------+
; 448.83 MHz ; 250.0 MHz       ; clock      ; limit due to minimum period restriction (max I/O toggle rate) ;
+------------+-----------------+------------+---------------------------------------------------------------+
This panel reports FMAX for every clock in the design, regardless of the user-specified clock periods.  FMAX is only computed for paths where the source and destination registers or ports are driven by the same clock.  Paths of different clocks, including generated clocks, are ignored.  For paths between a clock and its inversion, FMAX is computed as if the rising and falling edges are scaled along with FMAX, such that the duty cycle (in terms of a percentage) is maintained. Altera recommends that you always use clock constraints and other slack reports for sign-off analysis.


+------------------------------------+
; Slow 1200mV 0C Model Setup Summary ;
+-------+--------+-------------------+
; Clock ; Slack  ; End Point TNS     ;
+-------+--------+-------------------+
; clock ; -1.228 ; -4.771            ;
+-------+--------+-------------------+


+-----------------------------------+
; Slow 1200mV 0C Model Hold Summary ;
+-------+--------+------------------+
; Clock ; Slack  ; End Point TNS    ;
+-------+--------+------------------+
; clock ; -0.155 ; -0.239           ;
+-------+--------+------------------+


+---------------------------------------+
; Slow 1200mV 0C Model Recovery Summary ;
+-------+--------+----------------------+
; Clock ; Slack  ; End Point TNS        ;
+-------+--------+----------------------+
; clock ; -0.257 ; -0.689               ;
+-------+--------+----------------------+


+--------------------------------------+
; Slow 1200mV 0C Model Removal Summary ;
+-------+--------+---------------------+
; Clock ; Slack  ; End Point TNS       ;
+-------+--------+---------------------+
; clock ; -0.214 ; -0.549              ;
+-------+--------+---------------------+


+--------------------------------------------------+
; Slow 1200mV 0C Model Minimum Pulse Width Summary ;
+-------+--------+---------------------------------+
; Clock ; Slack  ; End Point TNS                   ;
+-------+--------+---------------------------------+
; clock ; -3.000 ; -3.000                          ;
+-------+--------+---------------------------------+


+-----------------------------------------------------------------------------------------------------+
; Slow 1200mV 0C Model Setup: 'clock'                                                                 ;
+--------+-----------+----------+--------------+-------------+--------------+------------+------------+
; Slack  ; From Node ; To Node  ; Launch Clock ; Latch Clock ; Relationship ; Clock Skew ; Data Delay ;
+--------+-----------+----------+--------------+-------------+--------------+------------+------------+
; -1.228 ; count[1]  ; count[2] ; clock        ; clock       ; 1.000        ; -0.036     ; 1.482      ;
; -1.202 ; count[1]  ; count[4] ; clock        ; clock       ; 1.000        ; 0.084      ; 1.476      ;
; -1.199 ; count[1]  ; count[3] ; clock        ; clock       ; 1.000        ; 0.086      ; 1.354      ;
; -1.165 ; count[2]  ; count[3] ; clock        ; clock       ; 1.000        ; 0.085      ; 1.319      ;
; -1.142 ; count[1]  ; count[1] ; clock        ; clock       ; 1.000        ; -0.037     ; 1.426      ;
; -1.119 ; count[3]  ; count[4] ; clock        ; clock       ; 1.000        ; -0.045     ; 1.264      ;
; -1.015 ; count[2]  ; count[4] ; clock        ; clock       ; 1.000        ; 0.083      ; 1.288      ;
; -0.830 ; count[3]  ; count[3] ; clock        ; clock       ; 1.000        ; -0.043     ; 0.856      ;
; -0.710 ; count[4]  ; count[4] ; clock        ; clock       ; 1.000        ; -0.043     ; 0.857      ;
; -0.699 ; count[2]  ; count[2] ; clock        ; clock       ; 1.000        ; -0.037     ; 0.952      ;
; -0.457 ; clock     ; count[2] ; clock        ; clock       ; 0.500        ; 2.285      ; 2.532      ;
; -0.431 ; clock     ; count[3] ; clock        ; clock       ; 0.500        ; 2.407      ; 2.407      ;
; -0.431 ; clock     ; count[4] ; clock        ; clock       ; 0.500        ; 2.405      ; 2.526      ;
; -0.381 ; clock     ; count[1] ; clock        ; clock       ; 0.500        ; 2.284      ; 2.486      ;
; -0.136 ; clock     ; count[2] ; clock        ; clock       ; 1.000        ; 2.285      ; 2.711      ;
; -0.110 ; clock     ; count[4] ; clock        ; clock       ; 1.000        ; 2.405      ; 2.705      ;
; -0.102 ; clock     ; count[3] ; clock        ; clock       ; 1.000        ; 2.407      ; 2.578      ;
; -0.052 ; clock     ; count[1] ; clock        ; clock       ; 1.000        ; 2.284      ; 2.657      ;
+--------+-----------+----------+--------------+-------------+--------------+------------+------------+


+-----------------------------------------------------------------------------------------------------+
; Slow 1200mV 0C Model Hold: 'clock'                                                                  ;
+--------+-----------+----------+--------------+-------------+--------------+------------+------------+
; Slack  ; From Node ; To Node  ; Launch Clock ; Latch Clock ; Relationship ; Clock Skew ; Data Delay ;
+--------+-----------+----------+--------------+-------------+--------------+------------+------------+
; -0.155 ; clock     ; count[3] ; clock        ; clock       ; 0.000        ; 2.468      ; 2.313      ;
; -0.084 ; clock     ; count[4] ; clock        ; clock       ; 0.000        ; 2.466      ; 2.382      ;
; 0.039  ; clock     ; count[2] ; clock        ; clock       ; 0.000        ; 2.340      ; 2.379      ;
; 0.147  ; clock     ; count[3] ; clock        ; clock       ; -0.500       ; 2.468      ; 2.135      ;
; 0.153  ; clock     ; count[1] ; clock        ; clock       ; 0.000        ; 2.339      ; 2.492      ;
; 0.224  ; clock     ; count[4] ; clock        ; clock       ; -0.500       ; 2.466      ; 2.210      ;
; 0.347  ; clock     ; count[2] ; clock        ; clock       ; -0.500       ; 2.340      ; 2.207      ;
; 0.461  ; clock     ; count[1] ; clock        ; clock       ; -0.500       ; 2.339      ; 2.320      ;
; 0.677  ; count[4]  ; count[4] ; clock        ; clock       ; 0.000        ; 0.043      ; 0.720      ;
; 0.689  ; count[3]  ; count[3] ; clock        ; clock       ; 0.000        ; 0.043      ; 0.732      ;
; 0.776  ; count[2]  ; count[2] ; clock        ; clock       ; 0.000        ; 0.037      ; 0.813      ;
; 0.797  ; count[2]  ; count[3] ; clock        ; clock       ; 0.000        ; 0.165      ; 0.962      ;
; 0.883  ; count[2]  ; count[4] ; clock        ; clock       ; 0.000        ; 0.163      ; 1.046      ;
; 0.929  ; count[1]  ; count[3] ; clock        ; clock       ; 0.000        ; 0.166      ; 1.095      ;
; 0.935  ; count[3]  ; count[4] ; clock        ; clock       ; 0.000        ; 0.041      ; 0.976      ;
; 1.010  ; count[1]  ; count[4] ; clock        ; clock       ; 0.000        ; 0.164      ; 1.174      ;
; 1.133  ; count[1]  ; count[2] ; clock        ; clock       ; 0.000        ; 0.038      ; 1.171      ;
; 1.242  ; count[1]  ; count[1] ; clock        ; clock       ; 0.000        ; 0.037      ; 1.279      ;
+--------+-----------+----------+--------------+-------------+--------------+------------+------------+


+-----------------------------------------------------------------------------------------------------+
; Slow 1200mV 0C Model Recovery: 'clock'                                                              ;
+--------+-----------+----------+--------------+-------------+--------------+------------+------------+
; Slack  ; From Node ; To Node  ; Launch Clock ; Latch Clock ; Relationship ; Clock Skew ; Data Delay ;
+--------+-----------+----------+--------------+-------------+--------------+------------+------------+
; -0.257 ; clock     ; count[3] ; clock        ; clock       ; 0.500        ; 2.407      ; 2.233      ;
; -0.163 ; clock     ; count[2] ; clock        ; clock       ; 0.500        ; 2.285      ; 2.238      ;
; -0.142 ; clock     ; count[4] ; clock        ; clock       ; 0.500        ; 2.405      ; 2.237      ;
; -0.127 ; clock     ; count[1] ; clock        ; clock       ; 0.500        ; 2.284      ; 2.232      ;
; 0.038  ; clock     ; count[3] ; clock        ; clock       ; 1.000        ; 2.407      ; 2.438      ;
; 0.129  ; clock     ; count[2] ; clock        ; clock       ; 1.000        ; 2.285      ; 2.446      ;
; 0.150  ; clock     ; count[4] ; clock        ; clock       ; 1.000        ; 2.405      ; 2.445      ;
; 0.170  ; clock     ; count[1] ; clock        ; clock       ; 1.000        ; 2.284      ; 2.435      ;
+--------+-----------+----------+--------------+-------------+--------------+------------+------------+


+-----------------------------------------------------------------------------------------------------+
; Slow 1200mV 0C Model Removal: 'clock'                                                               ;
+--------+-----------+----------+--------------+-------------+--------------+------------+------------+
; Slack  ; From Node ; To Node  ; Launch Clock ; Latch Clock ; Relationship ; Clock Skew ; Data Delay ;
+--------+-----------+----------+--------------+-------------+--------------+------------+------------+
; -0.214 ; clock     ; count[3] ; clock        ; clock       ; 0.000        ; 2.468      ; 2.254      ;
; -0.205 ; clock     ; count[4] ; clock        ; clock       ; 0.000        ; 2.466      ; 2.261      ;
; -0.079 ; clock     ; count[2] ; clock        ; clock       ; 0.000        ; 2.340      ; 2.261      ;
; -0.051 ; clock     ; count[1] ; clock        ; clock       ; 0.000        ; 2.339      ; 2.288      ;
; 0.080  ; clock     ; count[3] ; clock        ; clock       ; -0.500       ; 2.468      ; 2.068      ;
; 0.086  ; clock     ; count[4] ; clock        ; clock       ; -0.500       ; 2.466      ; 2.072      ;
; 0.213  ; clock     ; count[2] ; clock        ; clock       ; -0.500       ; 2.340      ; 2.073      ;
; 0.223  ; clock     ; count[1] ; clock        ; clock       ; -0.500       ; 2.339      ; 2.082      ;
+--------+-----------+----------+--------------+-------------+--------------+------------+------------+


+--------------------------------------------------------------------------------------------------------------+
; Slow 1200mV 0C Model Minimum Pulse Width: 'clock'                                                            ;
+--------+--------------+----------------+------------------+-------+------------+-----------------------------+
; Slack  ; Actual Width ; Required Width ; Type             ; Clock ; Clock Edge ; Target                      ;
+--------+--------------+----------------+------------------+-------+------------+-----------------------------+
; -3.000 ; 1.000        ; 4.000          ; Port Rate        ; clock ; Rise       ; clock                       ;
; 0.335  ; 0.335        ; 0.000          ; Low Pulse Width  ; clock ; Rise       ; count[3]|datac              ;
; 0.335  ; 0.335        ; 0.000          ; Low Pulse Width  ; clock ; Rise       ; count[4]|datac              ;
; 0.337  ; 0.337        ; 0.000          ; High Pulse Width ; clock ; Fall       ; count[3]                    ;
; 0.337  ; 0.337        ; 0.000          ; High Pulse Width ; clock ; Fall       ; count[4]                    ;
; 0.339  ; 0.339        ; 0.000          ; Low Pulse Width  ; clock ; Rise       ; clock~input|o               ;
; 0.345  ; 0.345        ; 0.000          ; Low Pulse Width  ; clock ; Rise       ; count[1]|datad              ;
; 0.345  ; 0.345        ; 0.000          ; Low Pulse Width  ; clock ; Rise       ; count[2]|datad              ;
; 0.348  ; 0.348        ; 0.000          ; Low Pulse Width  ; clock ; Rise       ; clock~inputclkctrl|inclk[0] ;
; 0.348  ; 0.348        ; 0.000          ; Low Pulse Width  ; clock ; Rise       ; clock~inputclkctrl|outclk   ;
; 0.367  ; 0.367        ; 0.000          ; High Pulse Width ; clock ; Fall       ; count[1]                    ;
; 0.367  ; 0.367        ; 0.000          ; High Pulse Width ; clock ; Fall       ; count[2]                    ;
; 0.500  ; 0.500        ; 0.000          ; High Pulse Width ; clock ; Rise       ; clock~input|i               ;
; 0.500  ; 0.500        ; 0.000          ; Low Pulse Width  ; clock ; Rise       ; clock~input|i               ;
; 0.630  ; 0.630        ; 0.000          ; Low Pulse Width  ; clock ; Fall       ; count[1]                    ;
; 0.630  ; 0.630        ; 0.000          ; Low Pulse Width  ; clock ; Fall       ; count[2]                    ;
; 0.651  ; 0.651        ; 0.000          ; High Pulse Width ; clock ; Rise       ; clock~inputclkctrl|inclk[0] ;
; 0.651  ; 0.651        ; 0.000          ; High Pulse Width ; clock ; Rise       ; clock~inputclkctrl|outclk   ;
; 0.654  ; 0.654        ; 0.000          ; High Pulse Width ; clock ; Rise       ; count[1]|datad              ;
; 0.654  ; 0.654        ; 0.000          ; High Pulse Width ; clock ; Rise       ; count[2]|datad              ;
; 0.661  ; 0.661        ; 0.000          ; High Pulse Width ; clock ; Rise       ; clock~input|o               ;
; 0.662  ; 0.662        ; 0.000          ; Low Pulse Width  ; clock ; Fall       ; count[3]                    ;
; 0.662  ; 0.662        ; 0.000          ; Low Pulse Width  ; clock ; Fall       ; count[4]                    ;
; 0.664  ; 0.664        ; 0.000          ; High Pulse Width ; clock ; Rise       ; count[3]|datac              ;
; 0.664  ; 0.664        ; 0.000          ; High Pulse Width ; clock ; Rise       ; count[4]|datac              ;
+--------+--------------+----------------+------------------+-------+------------+-----------------------------+


+-----------------------------------------------------------------------+
; Setup Times                                                           ;
+-----------+------------+-------+-------+------------+-----------------+
; Data Port ; Clock Port ; Rise  ; Fall  ; Clock Edge ; Clock Reference ;
+-----------+------------+-------+-------+------------+-----------------+
; clock     ; clock      ; 0.937 ; 1.116 ; Fall       ; clock           ;
; reset     ; clock      ; 3.012 ; 3.364 ; Fall       ; clock           ;
+-----------+------------+-------+-------+------------+-----------------+


+-------------------------------------------------------------------------+
; Hold Times                                                              ;
+-----------+------------+--------+--------+------------+-----------------+
; Data Port ; Clock Port ; Rise   ; Fall   ; Clock Edge ; Clock Reference ;
+-----------+------------+--------+--------+------------+-----------------+
; clock     ; clock      ; 0.333  ; 0.155  ; Fall       ; clock           ;
; reset     ; clock      ; -1.739 ; -1.998 ; Fall       ; clock           ;
+-----------+------------+--------+--------+------------+-----------------+


+-----------------------------------------------------------------------+
; Clock to Output Times                                                 ;
+-----------+------------+-------+-------+------------+-----------------+
; Data Port ; Clock Port ; Rise  ; Fall  ; Clock Edge ; Clock Reference ;
+-----------+------------+-------+-------+------------+-----------------+
; q[*]      ; clock      ; 4.163 ; 4.127 ; Rise       ; clock           ;
;  q[0]     ; clock      ; 4.163 ; 4.127 ; Rise       ; clock           ;
; q[*]      ; clock      ; 5.281 ; 5.277 ; Fall       ; clock           ;
;  q[0]     ; clock      ; 4.163 ; 4.127 ; Fall       ; clock           ;
;  q[1]     ; clock      ; 5.131 ; 5.114 ; Fall       ; clock           ;
;  q[2]     ; clock      ; 5.010 ; 4.967 ; Fall       ; clock           ;
;  q[3]     ; clock      ; 5.281 ; 5.277 ; Fall       ; clock           ;
;  q[4]     ; clock      ; 5.254 ; 5.223 ; Fall       ; clock           ;
+-----------+------------+-------+-------+------------+-----------------+


+-----------------------------------------------------------------------+
; Minimum Clock to Output Times                                         ;
+-----------+------------+-------+-------+------------+-----------------+
; Data Port ; Clock Port ; Rise  ; Fall  ; Clock Edge ; Clock Reference ;
+-----------+------------+-------+-------+------------+-----------------+
; q[*]      ; clock      ; 3.944 ; 3.917 ; Rise       ; clock           ;
;  q[0]     ; clock      ; 3.944 ; 3.917 ; Rise       ; clock           ;
; q[*]      ; clock      ; 3.944 ; 3.917 ; Fall       ; clock           ;
;  q[0]     ; clock      ; 3.944 ; 3.917 ; Fall       ; clock           ;
;  q[1]     ; clock      ; 5.053 ; 5.036 ; Fall       ; clock           ;
;  q[2]     ; clock      ; 4.937 ; 4.895 ; Fall       ; clock           ;
;  q[3]     ; clock      ; 5.197 ; 5.192 ; Fall       ; clock           ;
;  q[4]     ; clock      ; 5.170 ; 5.140 ; Fall       ; clock           ;
+-----------+------------+-------+-------+------------+-----------------+


+----------------------------------------------------+
; Propagation Delay                                  ;
+------------+-------------+----+-------+-------+----+
; Input Port ; Output Port ; RR ; RF    ; FR    ; FF ;
+------------+-------------+----+-------+-------+----+
; reset      ; q[0]        ;    ; 6.057 ; 6.411 ;    ;
+------------+-------------+----+-------+-------+----+


+----------------------------------------------------+
; Minimum Propagation Delay                          ;
+------------+-------------+----+-------+-------+----+
; Input Port ; Output Port ; RR ; RF    ; FR    ; FF ;
+------------+-------------+----+-------+-------+----+
; reset      ; q[0]        ;    ; 5.929 ; 6.275 ;    ;
+------------+-------------+----+-------+-------+----+


---------------------------------------------
; Slow 1200mV 0C Model Metastability Report ;
---------------------------------------------
No synchronizer chains to report.


+------------------------------------+
; Fast 1200mV 0C Model Setup Summary ;
+-------+--------+-------------------+
; Clock ; Slack  ; End Point TNS     ;
+-------+--------+-------------------+
; clock ; -0.376 ; -1.435            ;
+-------+--------+-------------------+


+-----------------------------------+
; Fast 1200mV 0C Model Hold Summary ;
+-------+--------+------------------+
; Clock ; Slack  ; End Point TNS    ;
+-------+--------+------------------+
; clock ; -0.221 ; -0.498           ;
+-------+--------+------------------+


+---------------------------------------+
; Fast 1200mV 0C Model Recovery Summary ;
+-------+-------+-----------------------+
; Clock ; Slack ; End Point TNS         ;
+-------+-------+-----------------------+
; clock ; 0.395 ; 0.000                 ;
+-------+-------+-----------------------+


+--------------------------------------+
; Fast 1200mV 0C Model Removal Summary ;
+-------+--------+---------------------+
; Clock ; Slack  ; End Point TNS       ;
+-------+--------+---------------------+
; clock ; -0.231 ; -0.729              ;
+-------+--------+---------------------+


+--------------------------------------------------+
; Fast 1200mV 0C Model Minimum Pulse Width Summary ;
+-------+--------+---------------------------------+
; Clock ; Slack  ; End Point TNS                   ;
+-------+--------+---------------------------------+
; clock ; -3.000 ; -3.000                          ;
+-------+--------+---------------------------------+


+-----------------------------------------------------------------------------------------------------+
; Fast 1200mV 0C Model Setup: 'clock'                                                                 ;
+--------+-----------+----------+--------------+-------------+--------------+------------+------------+
; Slack  ; From Node ; To Node  ; Launch Clock ; Latch Clock ; Relationship ; Clock Skew ; Data Delay ;
+--------+-----------+----------+--------------+-------------+--------------+------------+------------+
; -0.376 ; count[1]  ; count[3] ; clock        ; clock       ; 1.000        ; 0.047      ; 0.837      ;
; -0.360 ; count[1]  ; count[2] ; clock        ; clock       ; 1.000        ; -0.025     ; 0.894      ;
; -0.355 ; count[1]  ; count[1] ; clock        ; clock       ; 1.000        ; -0.025     ; 0.904      ;
; -0.351 ; count[2]  ; count[3] ; clock        ; clock       ; 1.000        ; 0.047      ; 0.812      ;
; -0.344 ; count[1]  ; count[4] ; clock        ; clock       ; 1.000        ; 0.044      ; 0.886      ;
; -0.294 ; count[3]  ; count[4] ; clock        ; clock       ; 1.000        ; -0.031     ; 0.761      ;
; -0.275 ; count[2]  ; count[4] ; clock        ; clock       ; 1.000        ; 0.044      ; 0.817      ;
; -0.149 ; count[3]  ; count[3] ; clock        ; clock       ; 1.000        ; -0.028     ; 0.535      ;
; -0.062 ; count[4]  ; count[4] ; clock        ; clock       ; 1.000        ; -0.028     ; 0.532      ;
; -0.052 ; count[2]  ; count[2] ; clock        ; clock       ; 1.000        ; -0.025     ; 0.586      ;
; 0.282  ; clock     ; count[3] ; clock        ; clock       ; 0.500        ; 1.812      ; 1.444      ;
; 0.287  ; clock     ; count[2] ; clock        ; clock       ; 0.500        ; 1.740      ; 1.512      ;
; 0.303  ; clock     ; count[4] ; clock        ; clock       ; 0.500        ; 1.809      ; 1.504      ;
; 0.304  ; clock     ; count[1] ; clock        ; clock       ; 0.500        ; 1.740      ; 1.510      ;
; 0.412  ; clock     ; count[2] ; clock        ; clock       ; 1.000        ; 1.740      ; 1.887      ;
; 0.412  ; clock     ; count[3] ; clock        ; clock       ; 1.000        ; 1.812      ; 1.814      ;
; 0.428  ; clock     ; count[4] ; clock        ; clock       ; 1.000        ; 1.809      ; 1.879      ;
; 0.436  ; clock     ; count[1] ; clock        ; clock       ; 1.000        ; 1.740      ; 1.878      ;
+--------+-----------+----------+--------------+-------------+--------------+------------+------------+


+-----------------------------------------------------------------------------------------------------+
; Fast 1200mV 0C Model Hold: 'clock'                                                                  ;
+--------+-----------+----------+--------------+-------------+--------------+------------+------------+
; Slack  ; From Node ; To Node  ; Launch Clock ; Latch Clock ; Relationship ; Clock Skew ; Data Delay ;
+--------+-----------+----------+--------------+-------------+--------------+------------+------------+
; -0.221 ; clock     ; count[3] ; clock        ; clock       ; 0.000        ; 1.853      ; 1.632      ;
; -0.154 ; clock     ; count[4] ; clock        ; clock       ; 0.000        ; 1.850      ; 1.696      ;
; -0.117 ; clock     ; count[3] ; clock        ; clock       ; -0.500       ; 1.853      ; 1.256      ;
; -0.087 ; clock     ; count[2] ; clock        ; clock       ; 0.000        ; 1.778      ; 1.691      ;
; -0.050 ; clock     ; count[4] ; clock        ; clock       ; -0.500       ; 1.850      ; 1.320      ;
; -0.036 ; clock     ; count[1] ; clock        ; clock       ; 0.000        ; 1.778      ; 1.742      ;
; 0.017  ; clock     ; count[2] ; clock        ; clock       ; -0.500       ; 1.778      ; 1.315      ;
; 0.068  ; clock     ; count[1] ; clock        ; clock       ; -0.500       ; 1.778      ; 1.366      ;
; 0.396  ; count[4]  ; count[4] ; clock        ; clock       ; 0.000        ; 0.028      ; 0.424      ;
; 0.403  ; count[3]  ; count[3] ; clock        ; clock       ; 0.000        ; 0.028      ; 0.431      ;
; 0.461  ; count[2]  ; count[2] ; clock        ; clock       ; 0.000        ; 0.025      ; 0.486      ;
; 0.473  ; count[2]  ; count[3] ; clock        ; clock       ; 0.000        ; 0.100      ; 0.573      ;
; 0.540  ; count[2]  ; count[4] ; clock        ; clock       ; 0.000        ; 0.097      ; 0.637      ;
; 0.546  ; count[1]  ; count[3] ; clock        ; clock       ; 0.000        ; 0.100      ; 0.646      ;
; 0.565  ; count[3]  ; count[4] ; clock        ; clock       ; 0.000        ; 0.025      ; 0.590      ;
; 0.613  ; count[1]  ; count[4] ; clock        ; clock       ; 0.000        ; 0.097      ; 0.710      ;
; 0.680  ; count[1]  ; count[2] ; clock        ; clock       ; 0.000        ; 0.025      ; 0.705      ;
; 0.732  ; count[1]  ; count[1] ; clock        ; clock       ; 0.000        ; 0.025      ; 0.757      ;
+--------+-----------+----------+--------------+-------------+--------------+------------+------------+


+----------------------------------------------------------------------------------------------------+
; Fast 1200mV 0C Model Recovery: 'clock'                                                             ;
+-------+-----------+----------+--------------+-------------+--------------+------------+------------+
; Slack ; From Node ; To Node  ; Launch Clock ; Latch Clock ; Relationship ; Clock Skew ; Data Delay ;
+-------+-----------+----------+--------------+-------------+--------------+------------+------------+
; 0.395 ; clock     ; count[3] ; clock        ; clock       ; 0.500        ; 1.812      ; 1.331      ;
; 0.461 ; clock     ; count[2] ; clock        ; clock       ; 0.500        ; 1.740      ; 1.338      ;
; 0.469 ; clock     ; count[4] ; clock        ; clock       ; 0.500        ; 1.809      ; 1.338      ;
; 0.480 ; clock     ; count[1] ; clock        ; clock       ; 0.500        ; 1.740      ; 1.334      ;
; 0.484 ; clock     ; count[3] ; clock        ; clock       ; 1.000        ; 1.812      ; 1.742      ;
; 0.550 ; clock     ; count[2] ; clock        ; clock       ; 1.000        ; 1.740      ; 1.749      ;
; 0.558 ; clock     ; count[4] ; clock        ; clock       ; 1.000        ; 1.809      ; 1.749      ;
; 0.573 ; clock     ; count[1] ; clock        ; clock       ; 1.000        ; 1.740      ; 1.741      ;
+-------+-----------+----------+--------------+-------------+--------------+------------+------------+


+-----------------------------------------------------------------------------------------------------+
; Fast 1200mV 0C Model Removal: 'clock'                                                               ;
+--------+-----------+----------+--------------+-------------+--------------+------------+------------+
; Slack  ; From Node ; To Node  ; Launch Clock ; Latch Clock ; Relationship ; Clock Skew ; Data Delay ;
+--------+-----------+----------+--------------+-------------+--------------+------------+------------+
; -0.231 ; clock     ; count[3] ; clock        ; clock       ; 0.000        ; 1.853      ; 1.622      ;
; -0.222 ; clock     ; count[4] ; clock        ; clock       ; 0.000        ; 1.850      ; 1.628      ;
; -0.149 ; clock     ; count[2] ; clock        ; clock       ; 0.000        ; 1.778      ; 1.629      ;
; -0.146 ; clock     ; count[3] ; clock        ; clock       ; -0.500       ; 1.853      ; 1.227      ;
; -0.136 ; clock     ; count[4] ; clock        ; clock       ; -0.500       ; 1.850      ; 1.234      ;
; -0.127 ; clock     ; count[1] ; clock        ; clock       ; 0.000        ; 1.778      ; 1.651      ;
; -0.064 ; clock     ; count[2] ; clock        ; clock       ; -0.500       ; 1.778      ; 1.234      ;
; -0.055 ; clock     ; count[1] ; clock        ; clock       ; -0.500       ; 1.778      ; 1.243      ;
+--------+-----------+----------+--------------+-------------+--------------+------------+------------+


+--------------------------------------------------------------------------------------------------------------+
; Fast 1200mV 0C Model Minimum Pulse Width: 'clock'                                                            ;
+--------+--------------+----------------+------------------+-------+------------+-----------------------------+
; Slack  ; Actual Width ; Required Width ; Type             ; Clock ; Clock Edge ; Target                      ;
+--------+--------------+----------------+------------------+-------+------------+-----------------------------+
; -3.000 ; 1.000        ; 4.000          ; Port Rate        ; clock ; Rise       ; clock                       ;
; 0.093  ; 0.093        ; 0.000          ; High Pulse Width ; clock ; Fall       ; count[3]                    ;
; 0.094  ; 0.094        ; 0.000          ; High Pulse Width ; clock ; Fall       ; count[4]                    ;
; 0.096  ; 0.096        ; 0.000          ; Low Pulse Width  ; clock ; Rise       ; count[3]|datac              ;
; 0.097  ; 0.097        ; 0.000          ; Low Pulse Width  ; clock ; Rise       ; count[4]|datac              ;
; 0.101  ; 0.101        ; 0.000          ; Low Pulse Width  ; clock ; Rise       ; count[1]|datad              ;
; 0.101  ; 0.101        ; 0.000          ; Low Pulse Width  ; clock ; Rise       ; count[2]|datad              ;
; 0.105  ; 0.105        ; 0.000          ; High Pulse Width ; clock ; Fall       ; count[1]                    ;
; 0.106  ; 0.106        ; 0.000          ; High Pulse Width ; clock ; Fall       ; count[2]                    ;
; 0.118  ; 0.118        ; 0.000          ; Low Pulse Width  ; clock ; Rise       ; clock~input|o               ;
; 0.132  ; 0.132        ; 0.000          ; Low Pulse Width  ; clock ; Rise       ; clock~inputclkctrl|inclk[0] ;
; 0.132  ; 0.132        ; 0.000          ; Low Pulse Width  ; clock ; Rise       ; clock~inputclkctrl|outclk   ;
; 0.500  ; 0.500        ; 0.000          ; High Pulse Width ; clock ; Rise       ; clock~input|i               ;
; 0.500  ; 0.500        ; 0.000          ; Low Pulse Width  ; clock ; Rise       ; clock~input|i               ;
; 0.867  ; 0.867        ; 0.000          ; High Pulse Width ; clock ; Rise       ; clock~inputclkctrl|inclk[0] ;
; 0.867  ; 0.867        ; 0.000          ; High Pulse Width ; clock ; Rise       ; clock~inputclkctrl|outclk   ;
; 0.882  ; 0.882        ; 0.000          ; High Pulse Width ; clock ; Rise       ; clock~input|o               ;
; 0.894  ; 0.894        ; 0.000          ; Low Pulse Width  ; clock ; Fall       ; count[1]                    ;
; 0.894  ; 0.894        ; 0.000          ; Low Pulse Width  ; clock ; Fall       ; count[2]                    ;
; 0.898  ; 0.898        ; 0.000          ; High Pulse Width ; clock ; Rise       ; count[2]|datad              ;
; 0.899  ; 0.899        ; 0.000          ; High Pulse Width ; clock ; Rise       ; count[1]|datad              ;
; 0.903  ; 0.903        ; 0.000          ; High Pulse Width ; clock ; Rise       ; count[3]|datac              ;
; 0.903  ; 0.903        ; 0.000          ; High Pulse Width ; clock ; Rise       ; count[4]|datac              ;
; 0.906  ; 0.906        ; 0.000          ; Low Pulse Width  ; clock ; Fall       ; count[3]                    ;
; 0.906  ; 0.906        ; 0.000          ; Low Pulse Width  ; clock ; Fall       ; count[4]                    ;
+--------+--------------+----------------+------------------+-------+------------+-----------------------------+


+-----------------------------------------------------------------------+
; Setup Times                                                           ;
+-----------+------------+-------+-------+------------+-----------------+
; Data Port ; Clock Port ; Rise  ; Fall  ; Clock Edge ; Clock Reference ;
+-----------+------------+-------+-------+------------+-----------------+
; clock     ; clock      ; 0.198 ; 0.568 ; Fall       ; clock           ;
; reset     ; clock      ; 1.604 ; 2.148 ; Fall       ; clock           ;
+-----------+------------+-------+-------+------------+-----------------+


+-------------------------------------------------------------------------+
; Hold Times                                                              ;
+-----------+------------+--------+--------+------------+-----------------+
; Data Port ; Clock Port ; Rise   ; Fall   ; Clock Edge ; Clock Reference ;
+-----------+------------+--------+--------+------------+-----------------+
; clock     ; clock      ; 0.597  ; 0.221  ; Fall       ; clock           ;
; reset     ; clock      ; -0.814 ; -1.290 ; Fall       ; clock           ;
+-----------+------------+--------+--------+------------+-----------------+


+-----------------------------------------------------------------------+
; Clock to Output Times                                                 ;
+-----------+------------+-------+-------+------------+-----------------+
; Data Port ; Clock Port ; Rise  ; Fall  ; Clock Edge ; Clock Reference ;
+-----------+------------+-------+-------+------------+-----------------+
; q[*]      ; clock      ; 2.868 ; 2.883 ; Rise       ; clock           ;
;  q[0]     ; clock      ; 2.868 ; 2.883 ; Rise       ; clock           ;
; q[*]      ; clock      ; 3.672 ; 3.697 ; Fall       ; clock           ;
;  q[0]     ; clock      ; 2.868 ; 2.883 ; Fall       ; clock           ;
;  q[1]     ; clock      ; 3.574 ; 3.604 ; Fall       ; clock           ;
;  q[2]     ; clock      ; 3.477 ; 3.487 ; Fall       ; clock           ;
;  q[3]     ; clock      ; 3.672 ; 3.697 ; Fall       ; clock           ;
;  q[4]     ; clock      ; 3.640 ; 3.662 ; Fall       ; clock           ;
+-----------+------------+-------+-------+------------+-----------------+


+-----------------------------------------------------------------------+
; Minimum Clock to Output Times                                         ;
+-----------+------------+-------+-------+------------+-----------------+
; Data Port ; Clock Port ; Rise  ; Fall  ; Clock Edge ; Clock Reference ;
+-----------+------------+-------+-------+------------+-----------------+
; q[*]      ; clock      ; 2.468 ; 2.489 ; Rise       ; clock           ;
;  q[0]     ; clock      ; 2.468 ; 2.489 ; Rise       ; clock           ;
; q[*]      ; clock      ; 2.468 ; 2.489 ; Fall       ; clock           ;
;  q[0]     ; clock      ; 2.468 ; 2.489 ; Fall       ; clock           ;
;  q[1]     ; clock      ; 3.523 ; 3.551 ; Fall       ; clock           ;
;  q[2]     ; clock      ; 3.429 ; 3.438 ; Fall       ; clock           ;
;  q[3]     ; clock      ; 3.617 ; 3.640 ; Fall       ; clock           ;
;  q[4]     ; clock      ; 3.585 ; 3.606 ; Fall       ; clock           ;
+-----------+------------+-------+-------+------------+-----------------+


+----------------------------------------------------+
; Propagation Delay                                  ;
+------------+-------------+----+-------+-------+----+
; Input Port ; Output Port ; RR ; RF    ; FR    ; FF ;
+------------+-------------+----+-------+-------+----+
; reset      ; q[0]        ;    ; 3.921 ; 4.448 ;    ;
+------------+-------------+----+-------+-------+----+


+----------------------------------------------------+
; Minimum Propagation Delay                          ;
+------------+-------------+----+-------+-------+----+
; Input Port ; Output Port ; RR ; RF    ; FR    ; FF ;
+------------+-------------+----+-------+-------+----+
; reset      ; q[0]        ;    ; 3.832 ; 4.355 ;    ;
+------------+-------------+----+-------+-------+----+


---------------------------------------------
; Fast 1200mV 0C Model Metastability Report ;
---------------------------------------------
No synchronizer chains to report.


+-------------------------------------------------------------------------------+
; Multicorner Timing Analysis Summary                                           ;
+------------------+--------+--------+----------+---------+---------------------+
; Clock            ; Setup  ; Hold   ; Recovery ; Removal ; Minimum Pulse Width ;
+------------------+--------+--------+----------+---------+---------------------+
; Worst-case Slack ; -1.486 ; -0.221 ; -0.335   ; -0.281  ; -3.000              ;
;  clock           ; -1.486 ; -0.221 ; -0.335   ; -0.281  ; -3.000              ;
; Design-wide TNS  ; -5.799 ; -0.498 ; -0.943   ; -0.79   ; -3.0                ;
;  clock           ; -5.799 ; -0.498 ; -0.943   ; -0.790  ; -3.000              ;
+------------------+--------+--------+----------+---------+---------------------+


+-----------------------------------------------------------------------+
; Setup Times                                                           ;
+-----------+------------+-------+-------+------------+-----------------+
; Data Port ; Clock Port ; Rise  ; Fall  ; Clock Edge ; Clock Reference ;
+-----------+------------+-------+-------+------------+-----------------+
; clock     ; clock      ; 1.040 ; 1.213 ; Fall       ; clock           ;
; reset     ; clock      ; 3.468 ; 3.887 ; Fall       ; clock           ;
+-----------+------------+-------+-------+------------+-----------------+


+-------------------------------------------------------------------------+
; Hold Times                                                              ;
+-----------+------------+--------+--------+------------+-----------------+
; Data Port ; Clock Port ; Rise   ; Fall   ; Clock Edge ; Clock Reference ;
+-----------+------------+--------+--------+------------+-----------------+
; clock     ; clock      ; 0.597  ; 0.221  ; Fall       ; clock           ;
; reset     ; clock      ; -0.814 ; -1.290 ; Fall       ; clock           ;
+-----------+------------+--------+--------+------------+-----------------+


+-----------------------------------------------------------------------+
; Clock to Output Times                                                 ;
+-----------+------------+-------+-------+------------+-----------------+
; Data Port ; Clock Port ; Rise  ; Fall  ; Clock Edge ; Clock Reference ;
+-----------+------------+-------+-------+------------+-----------------+
; q[*]      ; clock      ; 4.258 ; 4.229 ; Rise       ; clock           ;
;  q[0]     ; clock      ; 4.258 ; 4.229 ; Rise       ; clock           ;
; q[*]      ; clock      ; 5.545 ; 5.563 ; Fall       ; clock           ;
;  q[0]     ; clock      ; 4.258 ; 4.229 ; Fall       ; clock           ;
;  q[1]     ; clock      ; 5.383 ; 5.384 ; Fall       ; clock           ;
;  q[2]     ; clock      ; 5.237 ; 5.217 ; Fall       ; clock           ;
;  q[3]     ; clock      ; 5.545 ; 5.563 ; Fall       ; clock           ;
;  q[4]     ; clock      ; 5.508 ; 5.504 ; Fall       ; clock           ;
+-----------+------------+-------+-------+------------+-----------------+


+-----------------------------------------------------------------------+
; Minimum Clock to Output Times                                         ;
+-----------+------------+-------+-------+------------+-----------------+
; Data Port ; Clock Port ; Rise  ; Fall  ; Clock Edge ; Clock Reference ;
+-----------+------------+-------+-------+------------+-----------------+
; q[*]      ; clock      ; 2.468 ; 2.489 ; Rise       ; clock           ;
;  q[0]     ; clock      ; 2.468 ; 2.489 ; Rise       ; clock           ;
; q[*]      ; clock      ; 2.468 ; 2.489 ; Fall       ; clock           ;
;  q[0]     ; clock      ; 2.468 ; 2.489 ; Fall       ; clock           ;
;  q[1]     ; clock      ; 3.523 ; 3.551 ; Fall       ; clock           ;
;  q[2]     ; clock      ; 3.429 ; 3.438 ; Fall       ; clock           ;
;  q[3]     ; clock      ; 3.617 ; 3.640 ; Fall       ; clock           ;
;  q[4]     ; clock      ; 3.585 ; 3.606 ; Fall       ; clock           ;
+-----------+------------+-------+-------+------------+-----------------+


+----------------------------------------------------+
; Propagation Delay                                  ;
+------------+-------------+----+-------+-------+----+
; Input Port ; Output Port ; RR ; RF    ; FR    ; FF ;
+------------+-------------+----+-------+-------+----+
; reset      ; q[0]        ;    ; 6.523 ; 6.932 ;    ;
+------------+-------------+----+-------+-------+----+


+----------------------------------------------------+
; Minimum Propagation Delay                          ;
+------------+-------------+----+-------+-------+----+
; Input Port ; Output Port ; RR ; RF    ; FR    ; FF ;
+------------+-------------+----+-------+-------+----+
; reset      ; q[0]        ;    ; 3.832 ; 4.355 ;    ;
+------------+-------------+----+-------+-------+----+


+------------------------------------------------------------------------------------------------------------------------------------------------------------------------------------------------------------------------------------------------------------------------------------------------------------------------------------------------------------------------------------------------------------------+
; Board Trace Model Assignments                                                                                                                                                                                                                                                                                                                                                                                    ;
+---------------+--------------+-------------------+-------------------------+-------------------------+---------------+---------------------+----------------+------------------+--------+------------------+------------------------+------------------------+--------------+---------------+-----------------+-------+---------------------+--------------------+---------------+-----------------+-------------+
; Pin           ; I/O Standard ; Near Tline Length ; Near Tline L per Length ; Near Tline C per Length ; Near Series R ; Near Differential R ; Near Pull-up R ; Near Pull-down R ; Near C ; Far Tline Length ; Far Tline L per Length ; Far Tline C per Length ; Far Series R ; Far Pull-up R ; Far Pull-down R ; Far C ; Termination Voltage ; Far Differential R ; EBD File Name ; EBD Signal Name ; EBD Far-end ;
+---------------+--------------+-------------------+-------------------------+-------------------------+---------------+---------------------+----------------+------------------+--------+------------------+------------------------+------------------------+--------------+---------------+-----------------+-------+---------------------+--------------------+---------------+-----------------+-------------+
; q[0]          ; 2.5 V        ; 0 in              ; 0 H/in                  ; 0 F/in                  ; short         ; -                   ; open           ; open             ; open   ; 0 in             ; 0 H/in                 ; 0 F/in                 ; short        ; open          ; open            ; open  ; 0 V                 ; -                  ; n/a           ; n/a             ; n/a         ;
; q[1]          ; 2.5 V        ; 0 in              ; 0 H/in                  ; 0 F/in                  ; short         ; -                   ; open           ; open             ; open   ; 0 in             ; 0 H/in                 ; 0 F/in                 ; short        ; open          ; open            ; open  ; 0 V                 ; -                  ; n/a           ; n/a             ; n/a         ;
; q[2]          ; 2.5 V        ; 0 in              ; 0 H/in                  ; 0 F/in                  ; short         ; -                   ; open           ; open             ; open   ; 0 in             ; 0 H/in                 ; 0 F/in                 ; short        ; open          ; open            ; open  ; 0 V                 ; -                  ; n/a           ; n/a             ; n/a         ;
; q[3]          ; 2.5 V        ; 0 in              ; 0 H/in                  ; 0 F/in                  ; short         ; -                   ; open           ; open             ; open   ; 0 in             ; 0 H/in                 ; 0 F/in                 ; short        ; open          ; open            ; open  ; 0 V                 ; -                  ; n/a           ; n/a             ; n/a         ;
; q[4]          ; 2.5 V        ; 0 in              ; 0 H/in                  ; 0 F/in                  ; short         ; -                   ; open           ; open             ; open   ; 0 in             ; 0 H/in                 ; 0 F/in                 ; short        ; open          ; open            ; open  ; 0 V                 ; -                  ; n/a           ; n/a             ; n/a         ;
; ~ALTERA_DCLK~ ; 2.5 V        ; 0 in              ; 0 H/in                  ; 0 F/in                  ; short         ; -                   ; open           ; open             ; open   ; 0 in             ; 0 H/in                 ; 0 F/in                 ; short        ; open          ; open            ; open  ; 0 V                 ; -                  ; n/a           ; n/a             ; n/a         ;
; ~ALTERA_nCEO~ ; 2.5 V        ; 0 in              ; 0 H/in                  ; 0 F/in                  ; short         ; -                   ; open           ; open             ; open   ; 0 in             ; 0 H/in                 ; 0 F/in                 ; short        ; open          ; open            ; open  ; 0 V                 ; -                  ; n/a           ; n/a             ; n/a         ;
+---------------+--------------+-------------------+-------------------------+-------------------------+---------------+---------------------+----------------+------------------+--------+------------------+------------------------+------------------------+--------------+---------------+-----------------+-------+---------------------+--------------------+---------------+-----------------+-------------+


+----------------------------------------------------------------------------+
; Input Transition Times                                                     ;
+-------------------------+--------------+-----------------+-----------------+
; Pin                     ; I/O Standard ; 10-90 Rise Time ; 90-10 Fall Time ;
+-------------------------+--------------+-----------------+-----------------+
; reset                   ; 2.5 V        ; 2000 ps         ; 2000 ps         ;
; clock                   ; 2.5 V        ; 2000 ps         ; 2000 ps         ;
; ~ALTERA_ASDO_DATA1~     ; 2.5 V        ; 2000 ps         ; 2000 ps         ;
; ~ALTERA_FLASH_nCE_nCSO~ ; 2.5 V        ; 2000 ps         ; 2000 ps         ;
; ~ALTERA_DATA0~          ; 2.5 V        ; 2000 ps         ; 2000 ps         ;
+-------------------------+--------------+-----------------+-----------------+


+--------------------------------------------------------------------------------------------------------------------------------------------------------------------------------------------------------------------------------------------------------------------------------------------------------------------------------------------------------------------------------------------------------------------------------------------------------------------------------------------------------------------------------------------------------------------------------------------------------------------------------------------------------------------------------------------+
; Slow Corner Signal Integrity Metrics                                                                                                                                                                                                                                                                                                                                                                                                                                                                                                                                                                                                                                                       ;
+---------------+--------------+---------------------+---------------------+------------------------------+------------------------------+---------------------+---------------------+--------------------------------------+--------------------------------------+-----------------------------+-----------------------------+----------------------------+----------------------------+-----------------------------+-----------------------------+--------------------+--------------------+-------------------------------------+-------------------------------------+----------------------------+----------------------------+---------------------------+---------------------------+
; Pin           ; I/O Standard ; Board Delay on Rise ; Board Delay on Fall ; Steady State Voh at FPGA Pin ; Steady State Vol at FPGA Pin ; Voh Max at FPGA Pin ; Vol Min at FPGA Pin ; Ringback Voltage on Rise at FPGA Pin ; Ringback Voltage on Fall at FPGA Pin ; 10-90 Rise Time at FPGA Pin ; 90-10 Fall Time at FPGA Pin ; Monotonic Rise at FPGA Pin ; Monotonic Fall at FPGA Pin ; Steady State Voh at Far-end ; Steady State Vol at Far-end ; Voh Max at Far-end ; Vol Min at Far-end ; Ringback Voltage on Rise at Far-end ; Ringback Voltage on Fall at Far-end ; 10-90 Rise Time at Far-end ; 90-10 Fall Time at Far-end ; Monotonic Rise at Far-end ; Monotonic Fall at Far-end ;
+---------------+--------------+---------------------+---------------------+------------------------------+------------------------------+---------------------+---------------------+--------------------------------------+--------------------------------------+-----------------------------+-----------------------------+----------------------------+----------------------------+-----------------------------+-----------------------------+--------------------+--------------------+-------------------------------------+-------------------------------------+----------------------------+----------------------------+---------------------------+---------------------------+
; q[0]          ; 2.5 V        ; 0 s                 ; 0 s                 ; 2.32 V                       ; 7.25e-07 V                   ; 2.35 V              ; -0.0111 V           ; 0.113 V                              ; 0.035 V                              ; 7.76e-10 s                  ; 8.04e-10 s                  ; Yes                        ; Yes                        ; 2.32 V                      ; 7.25e-07 V                  ; 2.35 V             ; -0.0111 V          ; 0.113 V                             ; 0.035 V                             ; 7.76e-10 s                 ; 8.04e-10 s                 ; Yes                       ; Yes                       ;
; q[1]          ; 2.5 V        ; 0 s                 ; 0 s                 ; 2.32 V                       ; 7.25e-07 V                   ; 2.35 V              ; -0.0111 V           ; 0.113 V                              ; 0.035 V                              ; 7.76e-10 s                  ; 8.04e-10 s                  ; Yes                        ; Yes                        ; 2.32 V                      ; 7.25e-07 V                  ; 2.35 V             ; -0.0111 V          ; 0.113 V                             ; 0.035 V                             ; 7.76e-10 s                 ; 8.04e-10 s                 ; Yes                       ; Yes                       ;
; q[2]          ; 2.5 V        ; 0 s                 ; 0 s                 ; 2.32 V                       ; 7.25e-07 V                   ; 2.35 V              ; -0.0111 V           ; 0.113 V                              ; 0.035 V                              ; 7.76e-10 s                  ; 8.04e-10 s                  ; Yes                        ; Yes                        ; 2.32 V                      ; 7.25e-07 V                  ; 2.35 V             ; -0.0111 V          ; 0.113 V                             ; 0.035 V                             ; 7.76e-10 s                 ; 8.04e-10 s                 ; Yes                       ; Yes                       ;
; q[3]          ; 2.5 V        ; 0 s                 ; 0 s                 ; 2.32 V                       ; 7.25e-07 V                   ; 2.35 V              ; -0.0111 V           ; 0.113 V                              ; 0.035 V                              ; 7.76e-10 s                  ; 8.04e-10 s                  ; Yes                        ; Yes                        ; 2.32 V                      ; 7.25e-07 V                  ; 2.35 V             ; -0.0111 V          ; 0.113 V                             ; 0.035 V                             ; 7.76e-10 s                 ; 8.04e-10 s                 ; Yes                       ; Yes                       ;
; q[4]          ; 2.5 V        ; 0 s                 ; 0 s                 ; 2.32 V                       ; 7.25e-07 V                   ; 2.35 V              ; -0.0111 V           ; 0.113 V                              ; 0.035 V                              ; 7.76e-10 s                  ; 8.04e-10 s                  ; Yes                        ; Yes                        ; 2.32 V                      ; 7.25e-07 V                  ; 2.35 V             ; -0.0111 V          ; 0.113 V                             ; 0.035 V                             ; 7.76e-10 s                 ; 8.04e-10 s                 ; Yes                       ; Yes                       ;
; ~ALTERA_DCLK~ ; 2.5 V        ; 0 s                 ; 0 s                 ; 2.32 V                       ; 5.68e-07 V                   ; 2.35 V              ; -0.0132 V           ; 0.2 V                                ; 0.027 V                              ; 5.26e-10 s                  ; 4.81e-10 s                  ; Yes                        ; Yes                        ; 2.32 V                      ; 5.68e-07 V                  ; 2.35 V             ; -0.0132 V          ; 0.2 V                               ; 0.027 V                             ; 5.26e-10 s                 ; 4.81e-10 s                 ; Yes                       ; Yes                       ;
; ~ALTERA_nCEO~ ; 2.5 V        ; 0 s                 ; 0 s                 ; 2.32 V                       ; 9.36e-07 V                   ; 2.35 V              ; -0.00444 V          ; 0.18 V                               ; 0.019 V                              ; 7.23e-10 s                  ; 9.82e-10 s                  ; Yes                        ; Yes                        ; 2.32 V                      ; 9.36e-07 V                  ; 2.35 V             ; -0.00444 V         ; 0.18 V                              ; 0.019 V                             ; 7.23e-10 s                 ; 9.82e-10 s                 ; Yes                       ; Yes                       ;
+---------------+--------------+---------------------+---------------------+------------------------------+------------------------------+---------------------+---------------------+--------------------------------------+--------------------------------------+-----------------------------+-----------------------------+----------------------------+----------------------------+-----------------------------+-----------------------------+--------------------+--------------------+-------------------------------------+-------------------------------------+----------------------------+----------------------------+---------------------------+---------------------------+


+--------------------------------------------------------------------------------------------------------------------------------------------------------------------------------------------------------------------------------------------------------------------------------------------------------------------------------------------------------------------------------------------------------------------------------------------------------------------------------------------------------------------------------------------------------------------------------------------------------------------------------------------------------------------------------------------+
; Fast Corner Signal Integrity Metrics                                                                                                                                                                                                                                                                                                                                                                                                                                                                                                                                                                                                                                                       ;
+---------------+--------------+---------------------+---------------------+------------------------------+------------------------------+---------------------+---------------------+--------------------------------------+--------------------------------------+-----------------------------+-----------------------------+----------------------------+----------------------------+-----------------------------+-----------------------------+--------------------+--------------------+-------------------------------------+-------------------------------------+----------------------------+----------------------------+---------------------------+---------------------------+
; Pin           ; I/O Standard ; Board Delay on Rise ; Board Delay on Fall ; Steady State Voh at FPGA Pin ; Steady State Vol at FPGA Pin ; Voh Max at FPGA Pin ; Vol Min at FPGA Pin ; Ringback Voltage on Rise at FPGA Pin ; Ringback Voltage on Fall at FPGA Pin ; 10-90 Rise Time at FPGA Pin ; 90-10 Fall Time at FPGA Pin ; Monotonic Rise at FPGA Pin ; Monotonic Fall at FPGA Pin ; Steady State Voh at Far-end ; Steady State Vol at Far-end ; Voh Max at Far-end ; Vol Min at Far-end ; Ringback Voltage on Rise at Far-end ; Ringback Voltage on Fall at Far-end ; 10-90 Rise Time at Far-end ; 90-10 Fall Time at Far-end ; Monotonic Rise at Far-end ; Monotonic Fall at Far-end ;
+---------------+--------------+---------------------+---------------------+------------------------------+------------------------------+---------------------+---------------------+--------------------------------------+--------------------------------------+-----------------------------+-----------------------------+----------------------------+----------------------------+-----------------------------+-----------------------------+--------------------+--------------------+-------------------------------------+-------------------------------------+----------------------------+----------------------------+---------------------------+---------------------------+
; q[0]          ; 2.5 V        ; 0 s                 ; 0 s                 ; 2.62 V                       ; 2.78e-08 V                   ; 2.71 V              ; -0.0349 V           ; 0.253 V                              ; 0.069 V                              ; 4.96e-10 s                  ; 5.19e-10 s                  ; No                         ; Yes                        ; 2.62 V                      ; 2.78e-08 V                  ; 2.71 V             ; -0.0349 V          ; 0.253 V                             ; 0.069 V                             ; 4.96e-10 s                 ; 5.19e-10 s                 ; No                        ; Yes                       ;
; q[1]          ; 2.5 V        ; 0 s                 ; 0 s                 ; 2.62 V                       ; 2.78e-08 V                   ; 2.71 V              ; -0.0349 V           ; 0.253 V                              ; 0.069 V                              ; 4.96e-10 s                  ; 5.19e-10 s                  ; No                         ; Yes                        ; 2.62 V                      ; 2.78e-08 V                  ; 2.71 V             ; -0.0349 V          ; 0.253 V                             ; 0.069 V                             ; 4.96e-10 s                 ; 5.19e-10 s                 ; No                        ; Yes                       ;
; q[2]          ; 2.5 V        ; 0 s                 ; 0 s                 ; 2.62 V                       ; 2.78e-08 V                   ; 2.71 V              ; -0.0349 V           ; 0.253 V                              ; 0.069 V                              ; 4.96e-10 s                  ; 5.19e-10 s                  ; No                         ; Yes                        ; 2.62 V                      ; 2.78e-08 V                  ; 2.71 V             ; -0.0349 V          ; 0.253 V                             ; 0.069 V                             ; 4.96e-10 s                 ; 5.19e-10 s                 ; No                        ; Yes                       ;
; q[3]          ; 2.5 V        ; 0 s                 ; 0 s                 ; 2.62 V                       ; 2.78e-08 V                   ; 2.71 V              ; -0.0349 V           ; 0.253 V                              ; 0.069 V                              ; 4.96e-10 s                  ; 5.19e-10 s                  ; No                         ; Yes                        ; 2.62 V                      ; 2.78e-08 V                  ; 2.71 V             ; -0.0349 V          ; 0.253 V                             ; 0.069 V                             ; 4.96e-10 s                 ; 5.19e-10 s                 ; No                        ; Yes                       ;
; q[4]          ; 2.5 V        ; 0 s                 ; 0 s                 ; 2.62 V                       ; 2.78e-08 V                   ; 2.71 V              ; -0.0349 V           ; 0.253 V                              ; 0.069 V                              ; 4.96e-10 s                  ; 5.19e-10 s                  ; No                         ; Yes                        ; 2.62 V                      ; 2.78e-08 V                  ; 2.71 V             ; -0.0349 V          ; 0.253 V                             ; 0.069 V                             ; 4.96e-10 s                 ; 5.19e-10 s                 ; No                        ; Yes                       ;
; ~ALTERA_DCLK~ ; 2.5 V        ; 0 s                 ; 0 s                 ; 2.62 V                       ; 2.22e-08 V                   ; 2.72 V              ; -0.0747 V           ; 0.28 V                               ; 0.169 V                              ; 3.1e-10 s                   ; 3.01e-10 s                  ; No                         ; Yes                        ; 2.62 V                      ; 2.22e-08 V                  ; 2.72 V             ; -0.0747 V          ; 0.28 V                              ; 0.169 V                             ; 3.1e-10 s                  ; 3.01e-10 s                 ; No                        ; Yes                       ;
; ~ALTERA_nCEO~ ; 2.5 V        ; 0 s                 ; 0 s                 ; 2.62 V                       ; 3.53e-08 V                   ; 2.7 V               ; -0.0212 V           ; 0.204 V                              ; 0.049 V                              ; 4.85e-10 s                  ; 6.73e-10 s                  ; No                         ; Yes                        ; 2.62 V                      ; 3.53e-08 V                  ; 2.7 V              ; -0.0212 V          ; 0.204 V                             ; 0.049 V                             ; 4.85e-10 s                 ; 6.73e-10 s                 ; No                        ; Yes                       ;
+---------------+--------------+---------------------+---------------------+------------------------------+------------------------------+---------------------+---------------------+--------------------------------------+--------------------------------------+-----------------------------+-----------------------------+----------------------------+----------------------------+-----------------------------+-----------------------------+--------------------+--------------------+-------------------------------------+-------------------------------------+----------------------------+----------------------------+---------------------------+---------------------------+


+-------------------------------------------------------------------+
; Setup Transfers                                                   ;
+------------+----------+----------+----------+----------+----------+
; From Clock ; To Clock ; RR Paths ; FR Paths ; RF Paths ; FF Paths ;
+------------+----------+----------+----------+----------+----------+
; clock      ; clock    ; 0        ; 0        ; 4        ; 14       ;
+------------+----------+----------+----------+----------+----------+
Entries labeled "false path" only account for clock-to-clock false paths and not path-based false paths. As a result, actual path counts may be lower than reported.


+-------------------------------------------------------------------+
; Hold Transfers                                                    ;
+------------+----------+----------+----------+----------+----------+
; From Clock ; To Clock ; RR Paths ; FR Paths ; RF Paths ; FF Paths ;
+------------+----------+----------+----------+----------+----------+
; clock      ; clock    ; 0        ; 0        ; 4        ; 14       ;
+------------+----------+----------+----------+----------+----------+
Entries labeled "false path" only account for clock-to-clock false paths and not path-based false paths. As a result, actual path counts may be lower than reported.


+-------------------------------------------------------------------+
; Recovery Transfers                                                ;
+------------+----------+----------+----------+----------+----------+
; From Clock ; To Clock ; RR Paths ; FR Paths ; RF Paths ; FF Paths ;
+------------+----------+----------+----------+----------+----------+
; clock      ; clock    ; 0        ; 0        ; 4        ; 4        ;
+------------+----------+----------+----------+----------+----------+
Entries labeled "false path" only account for clock-to-clock false paths and not path-based false paths. As a result, actual path counts may be lower than reported.


+-------------------------------------------------------------------+
; Removal Transfers                                                 ;
+------------+----------+----------+----------+----------+----------+
; From Clock ; To Clock ; RR Paths ; FR Paths ; RF Paths ; FF Paths ;
+------------+----------+----------+----------+----------+----------+
; clock      ; clock    ; 0        ; 0        ; 4        ; 4        ;
+------------+----------+----------+----------+----------+----------+
Entries labeled "false path" only account for clock-to-clock false paths and not path-based false paths. As a result, actual path counts may be lower than reported.


---------------
; Report TCCS ;
---------------
No dedicated SERDES Transmitter circuitry present in device or used in design


---------------
; Report RSKM ;
---------------
No non-DPA dedicated SERDES Receiver circuitry present in device or used in design


+------------------------------------------------+
; Unconstrained Paths                            ;
+---------------------------------+-------+------+
; Property                        ; Setup ; Hold ;
+---------------------------------+-------+------+
; Illegal Clocks                  ; 0     ; 0    ;
; Unconstrained Clocks            ; 0     ; 0    ;
; Unconstrained Input Ports       ; 2     ; 2    ;
; Unconstrained Input Port Paths  ; 6     ; 6    ;
; Unconstrained Output Ports      ; 5     ; 5    ;
; Unconstrained Output Port Paths ; 6     ; 6    ;
+---------------------------------+-------+------+


+------------------------------------+
; TimeQuest Timing Analyzer Messages ;
+------------------------------------+
Info: *******************************************************************
Info: Running Quartus II 64-Bit TimeQuest Timing Analyzer
    Info: Version 13.1.0 Build 162 10/23/2013 SJ Web Edition
    Info: Processing started: Tue Dec 06 17:54:14 2022
Info: Command: quartus_sta semaphore -c semaphore
Info: qsta_default_script.tcl version: #1
Info (11104): Parallel Compilation has detected 8 hyper-threaded processors. However, the extra hyper-threaded processors will not be used by default. Parallel Compilation will use 4 of the 4 physical processors detected instead.
Info (21077): Core supply voltage is 1.2V
Info (21077): Low junction temperature is 0 degrees C
Info (21077): High junction temperature is 85 degrees C
Warning (335093): TimeQuest Timing Analyzer is analyzing 4 combinational loops as latches.
Critical Warning (332012): Synopsys Design Constraints File file not found: 'semaphore.sdc'. A Synopsys Design Constraints File is required by the TimeQuest Timing Analyzer to get proper timing constraints. Without it, the Compiler will not properly optimize the design.
Info (332142): No user constrained base clocks found in the design. Calling "derive_clocks -period 1.0"
Info (332105): Deriving Clocks
    Info (332105): create_clock -period 1.000 -name clock clock
Warning (332125): Found combinational loop of 2 nodes
    Warning (332126): Node "count[0]~0|combout"
    Warning (332126): Node "count[0]~0|dataa"
Info (332143): No user constrained clock uncertainty found in the design. Calling "derive_clock_uncertainty"
Info (332123): Deriving Clock Uncertainty. Please refer to report_sdc in TimeQuest to see clock uncertainties.
Info: Found TIMEQUEST_REPORT_SCRIPT_INCLUDE_DEFAULT_ANALYSIS = ON
Info: Analyzing Slow 1200mV 85C Model
Critical Warning (332148): Timing requirements not met
    Info (11105): For recommendations on closing timing, run Report Timing Closure Recommendations in the TimeQuest Timing Analyzer.
Info (332146): Worst-case setup slack is -1.486
    Info (332119):     Slack       End Point TNS Clock 
    Info (332119): ========= =================== =====================
    Info (332119):    -1.486              -5.799 clock 
Info (332146): Worst-case hold slack is -0.219
    Info (332119):     Slack       End Point TNS Clock 
    Info (332119): ========= =================== =====================
    Info (332119):    -0.219              -0.347 clock 
Info (332146): Worst-case recovery slack is -0.335
    Info (332119):     Slack       End Point TNS Clock 
    Info (332119): ========= =================== =====================
    Info (332119):    -0.335              -0.943 clock 
Info (332146): Worst-case removal slack is -0.281
    Info (332119):     Slack       End Point TNS Clock 
    Info (332119): ========= =================== =====================
    Info (332119):    -0.281              -0.790 clock 
Info (332146): Worst-case minimum pulse width slack is -3.000
    Info (332119):     Slack       End Point TNS Clock 
    Info (332119): ========= =================== =====================
    Info (332119):    -3.000              -3.000 clock 
Info: Analyzing Slow 1200mV 0C Model
Info (334003): Started post-fitting delay annotation
Info (334004): Delay annotation completed successfully
Info (332123): Deriving Clock Uncertainty. Please refer to report_sdc in TimeQuest to see clock uncertainties.
Critical Warning (332148): Timing requirements not met
    Info (11105): For recommendations on closing timing, run Report Timing Closure Recommendations in the TimeQuest Timing Analyzer.
Info (332146): Worst-case setup slack is -1.228
    Info (332119):     Slack       End Point TNS Clock 
    Info (332119): ========= =================== =====================
    Info (332119):    -1.228              -4.771 clock 
Info (332146): Worst-case hold slack is -0.155
    Info (332119):     Slack       End Point TNS Clock 
    Info (332119): ========= =================== =====================
    Info (332119):    -0.155              -0.239 clock 
Info (332146): Worst-case recovery slack is -0.257
    Info (332119):     Slack       End Point TNS Clock 
    Info (332119): ========= =================== =====================
    Info (332119):    -0.257              -0.689 clock 
Info (332146): Worst-case removal slack is -0.214
    Info (332119):     Slack       End Point TNS Clock 
    Info (332119): ========= =================== =====================
    Info (332119):    -0.214              -0.549 clock 
Info (332146): Worst-case minimum pulse width slack is -3.000
    Info (332119):     Slack       End Point TNS Clock 
    Info (332119): ========= =================== =====================
    Info (332119):    -3.000              -3.000 clock 
Info: Analyzing Fast 1200mV 0C Model
Info (332123): Deriving Clock Uncertainty. Please refer to report_sdc in TimeQuest to see clock uncertainties.
Critical Warning (332148): Timing requirements not met
    Info (11105): For recommendations on closing timing, run Report Timing Closure Recommendations in the TimeQuest Timing Analyzer.
Info (332146): Worst-case setup slack is -0.376
    Info (332119):     Slack       End Point TNS Clock 
    Info (332119): ========= =================== =====================
    Info (332119):    -0.376              -1.435 clock 
Info (332146): Worst-case hold slack is -0.221
    Info (332119):     Slack       End Point TNS Clock 
    Info (332119): ========= =================== =====================
    Info (332119):    -0.221              -0.498 clock 
Info (332146): Worst-case recovery slack is 0.395
    Info (332119):     Slack       End Point TNS Clock 
    Info (332119): ========= =================== =====================
    Info (332119):     0.395               0.000 clock 
Info (332146): Worst-case removal slack is -0.231
    Info (332119):     Slack       End Point TNS Clock 
    Info (332119): ========= =================== =====================
    Info (332119):    -0.231              -0.729 clock 
Info (332146): Worst-case minimum pulse width slack is -3.000
    Info (332119):     Slack       End Point TNS Clock 
    Info (332119): ========= =================== =====================
    Info (332119):    -3.000              -3.000 clock 
Info (332102): Design is not fully constrained for setup requirements
Info (332102): Design is not fully constrained for hold requirements
Info: Quartus II 64-Bit TimeQuest Timing Analyzer was successful. 0 errors, 8 warnings
    Info: Peak virtual memory: 4671 megabytes
    Info: Processing ended: Tue Dec 06 17:54:16 2022
    Info: Elapsed time: 00:00:02
    Info: Total CPU time (on all processors): 00:00:01


