Flow report for reg4
Tue Sep 06 19:51:38 2022
Quartus II 64-Bit Version 13.1.0 Build 162 10/23/2013 SJ Web Edition


---------------------
; Table of Contents ;
---------------------
  1. Legal Notice
  2. Flow Summary
  3. Flow Settings
  4. Flow Non-Default Global Settings
  5. Flow Elapsed Time
  6. Flow OS Summary
  7. Flow Log
  8. Flow Messages
  9. Flow Suppressed Messages



----------------
; Legal Notice ;
----------------
Copyright (C) 1991-2013 Altera Corporation
Your use of Altera Corporation's design tools, logic functions 
and other software and tools, and its AMPP partner logic 
functions, and any output files from any of the foregoing 
(including device programming or simulation files), and any 
associated documentation or information are expressly subject 
to the terms and conditions of the Altera Program License 
Subscription Agreement, Altera MegaCore Function License 
Agreement, or other applicable license agreement, including, 
without limitation, that your use is for the sole purpose of 
programming logic devices manufactured by Altera and sold by 
Altera or its authorized distributors.  Please refer to the 
applicable agreement for further details.



+---------------------------------------------------------------------------------+
; Flow Summary                                                                    ;
+------------------------------------+--------------------------------------------+
; Flow Status                        ; Successful - Tue Sep 06 19:51:37 2022      ;
; Quartus II 64-Bit Version          ; 13.1.0 Build 162 10/23/2013 SJ Web Edition ;
; Revision Name                      ; reg4                                       ;
; Top-level Entity Name              ; reg4                                       ;
; Family                             ; Cyclone III                                ;
; Device                             ; EP3C16F484C6                               ;
; Timing Models                      ; Final                                      ;
; Total logic elements               ; 4 / 15,408 ( < 1 % )                       ;
;     Total combinational functions  ; 0 / 15,408 ( 0 % )                         ;
;     Dedicated logic registers      ; 4 / 15,408 ( < 1 % )                       ;
; Total registers                    ; 4                                          ;
; Total pins                         ; 10 / 347 ( 3 % )                           ;
; Total virtual pins                 ; 0                                          ;
; Total memory bits                  ; 0 / 516,096 ( 0 % )                        ;
; Embedded Multiplier 9-bit elements ; 0 / 112 ( 0 % )                            ;
; Total PLLs                         ; 0 / 4 ( 0 % )                              ;
+------------------------------------+--------------------------------------------+


+-----------------------------------------+
; Flow Settings                           ;
+-------------------+---------------------+
; Option            ; Setting             ;
+-------------------+---------------------+
; Start date & time ; 09/06/2022 19:45:28 ;
; Main task         ; Compilation         ;
; Revision Name     ; reg4                ;
+-------------------+---------------------+


+--------------------------------------------------------------------------------------------------------------------------------------------+
; Flow Non-Default Global Settings                                                                                                           ;
+-------------------------------------+-------------------------------------------------------+---------------+-------------+----------------+
; Assignment Name                     ; Value                                                 ; Default Value ; Entity Name ; Section Id     ;
+-------------------------------------+-------------------------------------------------------+---------------+-------------+----------------+
; COMPILER_SIGNATURE_ID               ; 167690716234632.166250432812664                       ; --            ; --          ; --             ;
; EDA_GENERATE_FUNCTIONAL_NETLIST     ; On                                                    ; --            ; --          ; eda_simulation ;
; EDA_NETLIST_WRITER_OUTPUT_DIR       ; C:/Users/luanm/workspace/unifor/sdax/simulation/qsim/ ; --            ; --          ; eda_simulation ;
; EDA_OUTPUT_DATA_FORMAT              ; Verilog Hdl                                           ; --            ; --          ; eda_simulation ;
; EDA_SIMULATION_TOOL                 ; ModelSim-Altera (Verilog)                             ; <None>        ; --          ; --             ;
; MAX_CORE_JUNCTION_TEMP              ; 85                                                    ; --            ; --          ; --             ;
; MIN_CORE_JUNCTION_TEMP              ; 0                                                     ; --            ; --          ; --             ;
; NOMINAL_CORE_SUPPLY_VOLTAGE         ; 1.2V                                                  ; --            ; --          ; --             ;
; PARTITION_COLOR                     ; 16764057                                              ; --            ; --          ; Top            ;
; PARTITION_FITTER_PRESERVATION_LEVEL ; PLACEMENT_AND_ROUTING                                 ; --            ; --          ; Top            ;
; PARTITION_NETLIST_TYPE              ; SOURCE                                                ; --            ; --          ; Top            ;
; PROJECT_OUTPUT_DIRECTORY            ; output_files                                          ; --            ; --          ; --             ;
+-------------------------------------+-------------------------------------------------------+---------------+-------------+----------------+


+-------------------------------------------------------------------------------------------------------------------------------+
; Flow Elapsed Time                                                                                                             ;
+---------------------------+--------------+-------------------------+---------------------+------------------------------------+
; Module Name               ; Elapsed Time ; Average Processors Used ; Peak Virtual Memory ; Total CPU Time (on all processors) ;
+---------------------------+--------------+-------------------------+---------------------+------------------------------------+
; Analysis & Synthesis      ; 00:00:01     ; 1.0                     ; 4657 MB             ; 00:00:01                           ;
; Fitter                    ; 00:00:06     ; 1.2                     ; 5130 MB             ; 00:00:06                           ;
; Assembler                 ; 00:00:02     ; 1.0                     ; 4596 MB             ; 00:00:01                           ;
; TimeQuest Timing Analyzer ; 00:00:02     ; 1.0                     ; 4649 MB             ; 00:00:02                           ;
; EDA Netlist Writer        ; 00:00:01     ; 1.0                     ; 4543 MB             ; 00:00:00                           ;
; EDA Netlist Writer        ; 00:00:01     ; 1.0                     ; 4555 MB             ; 00:00:01                           ;
; EDA Netlist Writer        ; 00:00:01     ; 1.0                     ; 4555 MB             ; 00:00:01                           ;
; EDA Netlist Writer        ; 00:00:01     ; 1.0                     ; 4555 MB             ; 00:00:00                           ;
; EDA Netlist Writer        ; 00:00:01     ; 1.0                     ; 4555 MB             ; 00:00:01                           ;
; EDA Netlist Writer        ; 00:00:00     ; 1.0                     ; 4556 MB             ; 00:00:01                           ;
; EDA Netlist Writer        ; 00:00:01     ; 1.0                     ; 4555 MB             ; 00:00:01                           ;
; EDA Netlist Writer        ; 00:00:01     ; 1.0                     ; 4555 MB             ; 00:00:00                           ;
; EDA Netlist Writer        ; 00:00:00     ; 1.0                     ; 4555 MB             ; 00:00:01                           ;
; Total                     ; 00:00:18     ; --                      ; --                  ; 00:00:16                           ;
+---------------------------+--------------+-------------------------+---------------------+------------------------------------+


+----------------------------------------------------------------------------------------+
; Flow OS Summary                                                                        ;
+---------------------------+------------------+-----------+------------+----------------+
; Module Name               ; Machine Hostname ; OS Name   ; OS Version ; Processor type ;
+---------------------------+------------------+-----------+------------+----------------+
; Analysis & Synthesis      ; laptop-windows   ; Windows 7 ; 6.2        ; x86_64         ;
; Fitter                    ; laptop-windows   ; Windows 7 ; 6.2        ; x86_64         ;
; Assembler                 ; laptop-windows   ; Windows 7 ; 6.2        ; x86_64         ;
; TimeQuest Timing Analyzer ; laptop-windows   ; Windows 7 ; 6.2        ; x86_64         ;
; EDA Netlist Writer        ; laptop-windows   ; Windows 7 ; 6.2        ; x86_64         ;
; EDA Netlist Writer        ; laptop-windows   ; Windows 7 ; 6.2        ; x86_64         ;
; EDA Netlist Writer        ; laptop-windows   ; Windows 7 ; 6.2        ; x86_64         ;
; EDA Netlist Writer        ; laptop-windows   ; Windows 7 ; 6.2        ; x86_64         ;
; EDA Netlist Writer        ; laptop-windows   ; Windows 7 ; 6.2        ; x86_64         ;
; EDA Netlist Writer        ; laptop-windows   ; Windows 7 ; 6.2        ; x86_64         ;
; EDA Netlist Writer        ; laptop-windows   ; Windows 7 ; 6.2        ; x86_64         ;
; EDA Netlist Writer        ; laptop-windows   ; Windows 7 ; 6.2        ; x86_64         ;
; EDA Netlist Writer        ; laptop-windows   ; Windows 7 ; 6.2        ; x86_64         ;
+---------------------------+------------------+-----------+------------+----------------+


------------
; Flow Log ;
------------
quartus_map --read_settings_files=on --write_settings_files=off reg4 -c reg4
quartus_fit --read_settings_files=off --write_settings_files=off reg4 -c reg4
quartus_asm --read_settings_files=off --write_settings_files=off reg4 -c reg4
quartus_sta reg4 -c reg4
quartus_eda --read_settings_files=off --write_settings_files=off reg4 -c reg4
quartus_eda --gen_testbench --check_outputs=on --tool=modelsim_oem --format=verilog reg4 -c reg4 --vector_source=C:/Users/luanm/workspace/unifor/sdax/reg4.vwf --testbench_file=C:/Users/luanm/workspace/unifor/sdax/simulation/qsim/reg4.vwf.vt
quartus_eda --functional=off --flatten_buses=off --timescale=1ps --simulation=on --tool=modelsim_oem --format=verilog --output_directory=C:/Users/luanm/workspace/unifor/sdax/simulation/qsim/ reg4 -c reg4
quartus_eda --gen_testbench --check_outputs=on --tool=modelsim_oem --format=verilog reg4 -c reg4 --vector_source=C:/Users/luanm/workspace/unifor/sdax/reg4.vwf --testbench_file=C:/Users/luanm/workspace/unifor/sdax/simulation/qsim/reg4.vwf.vt
quartus_eda --functional=off --flatten_buses=off --timescale=1ps --simulation=on --tool=modelsim_oem --format=verilog --output_directory=C:/Users/luanm/workspace/unifor/sdax/simulation/qsim/ reg4 -c reg4
quartus_eda --gen_testbench --check_outputs=on --tool=modelsim_oem --format=verilog reg4 -c reg4 --vector_source=C:/Users/luanm/workspace/unifor/sdax/reg4.vwf --testbench_file=C:/Users/luanm/workspace/unifor/sdax/simulation/qsim/reg4.vwf.vt
quartus_eda --functional=off --flatten_buses=off --timescale=1ps --simulation=on --tool=modelsim_oem --format=verilog --output_directory=C:/Users/luanm/workspace/unifor/sdax/simulation/qsim/ reg4 -c reg4
quartus_eda --gen_testbench --check_outputs=on --tool=modelsim_oem --format=verilog reg4 -c reg4 --vector_source=C:/Users/luanm/workspace/unifor/sdax/reg4.vwf --testbench_file=C:/Users/luanm/workspace/unifor/sdax/simulation/qsim/reg4.vwf.vt
quartus_eda --functional=off --flatten_buses=off --timescale=1ps --simulation=on --tool=modelsim_oem --format=verilog --output_directory=C:/Users/luanm/workspace/unifor/sdax/simulation/qsim/ reg4 -c reg4



