Analysis & Synthesis report for tarefa_2
Thu Nov 03 16:30:40 2022
Quartus II 64-Bit Version 13.1.0 Build 162 10/23/2013 SJ Web Edition


---------------------
; Table of Contents ;
---------------------
  1. Legal Notice
  2. Analysis & Synthesis Summary
  3. Analysis & Synthesis Settings
  4. Parallel Compilation
  5. Analysis & Synthesis Messages



----------------
; Legal Notice ;
----------------
Copyright (C) 1991-2013 Altera Corporation
Your use of Altera Corporation's design tools, logic functions 
and other software and tools, and its AMPP partner logic 
functions, and any output files from any of the foregoing 
(including device programming or simulation files), and any 
associated documentation or information are expressly subject 
to the terms and conditions of the Altera Program License 
Subscription Agreement, Altera MegaCore Function License 
Agreement, or other applicable license agreement, including, 
without limitation, that your use is for the sole purpose of 
programming logic devices manufactured by Altera and sold by 
Altera or its authorized distributors.  Please refer to the 
applicable agreement for further details.



+---------------------------------------------------------------------------------+
; Analysis & Synthesis Summary                                                    ;
+------------------------------------+--------------------------------------------+
; Analysis & Synthesis Status        ; Failed - Thu Nov 03 16:30:40 2022          ;
; Quartus II 64-Bit Version          ; 13.1.0 Build 162 10/23/2013 SJ Web Edition ;
; Revision Name                      ; tarefa_2                                   ;
; Top-level Entity Name              ; part3                                      ;
; Family                             ; Cyclone III                                ;
; Total logic elements               ; N/A until Partition Merge                  ;
;     Total combinational functions  ; N/A until Partition Merge                  ;
;     Dedicated logic registers      ; N/A until Partition Merge                  ;
; Total registers                    ; N/A until Partition Merge                  ;
; Total pins                         ; N/A until Partition Merge                  ;
; Total virtual pins                 ; N/A until Partition Merge                  ;
; Total memory bits                  ; N/A until Partition Merge                  ;
; Embedded Multiplier 9-bit elements ; N/A until Partition Merge                  ;
; Total PLLs                         ; N/A until Partition Merge                  ;
+------------------------------------+--------------------------------------------+


+----------------------------------------------------------------------------------------------------------------------+
; Analysis & Synthesis Settings                                                                                        ;
+----------------------------------------------------------------------------+--------------------+--------------------+
; Option                                                                     ; Setting            ; Default Value      ;
+----------------------------------------------------------------------------+--------------------+--------------------+
; Device                                                                     ; EP3C16F484C6       ;                    ;
; Top-level entity name                                                      ; part3              ; tarefa_2           ;
; Family name                                                                ; Cyclone III        ; Cyclone IV GX      ;
; Use smart compilation                                                      ; Off                ; Off                ;
; Enable parallel Assembler and TimeQuest Timing Analyzer during compilation ; On                 ; On                 ;
; Enable compact report table                                                ; Off                ; Off                ;
; Restructure Multiplexers                                                   ; Auto               ; Auto               ;
; Create Debugging Nodes for IP Cores                                        ; Off                ; Off                ;
; Preserve fewer node names                                                  ; On                 ; On                 ;
; Disable OpenCore Plus hardware evaluation                                  ; Off                ; Off                ;
; Verilog Version                                                            ; Verilog_2001       ; Verilog_2001       ;
; VHDL Version                                                               ; VHDL_1993          ; VHDL_1993          ;
; State Machine Processing                                                   ; Auto               ; Auto               ;
; Safe State Machine                                                         ; Off                ; Off                ;
; Extract Verilog State Machines                                             ; On                 ; On                 ;
; Extract VHDL State Machines                                                ; On                 ; On                 ;
; Ignore Verilog initial constructs                                          ; Off                ; Off                ;
; Iteration limit for constant Verilog loops                                 ; 5000               ; 5000               ;
; Iteration limit for non-constant Verilog loops                             ; 250                ; 250                ;
; Add Pass-Through Logic to Inferred RAMs                                    ; On                 ; On                 ;
; Infer RAMs from Raw Logic                                                  ; On                 ; On                 ;
; Parallel Synthesis                                                         ; On                 ; On                 ;
; DSP Block Balancing                                                        ; Auto               ; Auto               ;
; NOT Gate Push-Back                                                         ; On                 ; On                 ;
; Power-Up Don't Care                                                        ; On                 ; On                 ;
; Remove Redundant Logic Cells                                               ; Off                ; Off                ;
; Remove Duplicate Registers                                                 ; On                 ; On                 ;
; Ignore CARRY Buffers                                                       ; Off                ; Off                ;
; Ignore CASCADE Buffers                                                     ; Off                ; Off                ;
; Ignore GLOBAL Buffers                                                      ; Off                ; Off                ;
; Ignore ROW GLOBAL Buffers                                                  ; Off                ; Off                ;
; Ignore LCELL Buffers                                                       ; Off                ; Off                ;
; Ignore SOFT Buffers                                                        ; On                 ; On                 ;
; Limit AHDL Integers to 32 Bits                                             ; Off                ; Off                ;
; Optimization Technique                                                     ; Balanced           ; Balanced           ;
; Carry Chain Length                                                         ; 70                 ; 70                 ;
; Auto Carry Chains                                                          ; On                 ; On                 ;
; Auto Open-Drain Pins                                                       ; On                 ; On                 ;
; Perform WYSIWYG Primitive Resynthesis                                      ; Off                ; Off                ;
; Auto ROM Replacement                                                       ; On                 ; On                 ;
; Auto RAM Replacement                                                       ; On                 ; On                 ;
; Auto DSP Block Replacement                                                 ; On                 ; On                 ;
; Auto Shift Register Replacement                                            ; Auto               ; Auto               ;
; Allow Shift Register Merging across Hierarchies                            ; Auto               ; Auto               ;
; Auto Clock Enable Replacement                                              ; On                 ; On                 ;
; Strict RAM Replacement                                                     ; Off                ; Off                ;
; Allow Synchronous Control Signals                                          ; On                 ; On                 ;
; Force Use of Synchronous Clear Signals                                     ; Off                ; Off                ;
; Auto RAM Block Balancing                                                   ; On                 ; On                 ;
; Auto RAM to Logic Cell Conversion                                          ; Off                ; Off                ;
; Auto Resource Sharing                                                      ; Off                ; Off                ;
; Allow Any RAM Size For Recognition                                         ; Off                ; Off                ;
; Allow Any ROM Size For Recognition                                         ; Off                ; Off                ;
; Allow Any Shift Register Size For Recognition                              ; Off                ; Off                ;
; Use LogicLock Constraints during Resource Balancing                        ; On                 ; On                 ;
; Ignore translate_off and synthesis_off directives                          ; Off                ; Off                ;
; Timing-Driven Synthesis                                                    ; On                 ; On                 ;
; Report Parameter Settings                                                  ; On                 ; On                 ;
; Report Source Assignments                                                  ; On                 ; On                 ;
; Report Connectivity Checks                                                 ; On                 ; On                 ;
; Ignore Maximum Fan-Out Assignments                                         ; Off                ; Off                ;
; Synchronization Register Chain Length                                      ; 2                  ; 2                  ;
; PowerPlay Power Optimization                                               ; Normal compilation ; Normal compilation ;
; HDL message level                                                          ; Level2             ; Level2             ;
; Suppress Register Optimization Related Messages                            ; Off                ; Off                ;
; Number of Removed Registers Reported in Synthesis Report                   ; 5000               ; 5000               ;
; Number of Swept Nodes Reported in Synthesis Report                         ; 5000               ; 5000               ;
; Number of Inverted Registers Reported in Synthesis Report                  ; 100                ; 100                ;
; Clock MUX Protection                                                       ; On                 ; On                 ;
; Auto Gated Clock Conversion                                                ; Off                ; Off                ;
; Block Design Naming                                                        ; Auto               ; Auto               ;
; SDC constraint protection                                                  ; Off                ; Off                ;
; Synthesis Effort                                                           ; Auto               ; Auto               ;
; Shift Register Replacement - Allow Asynchronous Clear Signal               ; On                 ; On                 ;
; Pre-Mapping Resynthesis Optimization                                       ; Off                ; Off                ;
; Analysis & Synthesis Message Level                                         ; Medium             ; Medium             ;
; Disable Register Merging Across Hierarchies                                ; Auto               ; Auto               ;
; Resource Aware Inference For Block RAM                                     ; On                 ; On                 ;
; Synthesis Seed                                                             ; 1                  ; 1                  ;
+----------------------------------------------------------------------------+--------------------+--------------------+


+------------------------------------------+
; Parallel Compilation                     ;
+----------------------------+-------------+
; Processors                 ; Number      ;
+----------------------------+-------------+
; Number detected on machine ; 4           ;
; Maximum allowed            ; 2           ;
;                            ;             ;
; Average used               ; 1.00        ;
; Maximum used               ; 1           ;
;                            ;             ;
; Usage by Processor         ; % Time Used ;
;     Processor 1            ; 100.0%      ;
;     Processors 2-4         ;   0.0%      ;
+----------------------------+-------------+


+-------------------------------+
; Analysis & Synthesis Messages ;
+-------------------------------+
Info: *******************************************************************
Info: Running Quartus II 64-Bit Analysis & Synthesis
    Info: Version 13.1.0 Build 162 10/23/2013 SJ Web Edition
    Info: Processing started: Thu Nov 03 16:30:39 2022
Info: Command: quartus_map --read_settings_files=on --write_settings_files=off tarefa_2 -c tarefa_2
Info (11104): Parallel Compilation has detected 4 hyper-threaded processors. However, the extra hyper-threaded processors will not be used by default. Parallel Compilation will use 2 of the 2 physical processors detected instead.
Info (12021): Found 2 design units, including 1 entities, in source file part1.vhd
    Info (12022): Found design unit 1: part1-structure
    Info (12023): Found entity 1: part1
Info (12021): Found 4 design units, including 2 entities, in source file part3.vhd
    Info (12022): Found design unit 1: part3-structure
    Info (12022): Found design unit 2: fa-structure
    Info (12023): Found entity 1: part3
    Info (12023): Found entity 2: fa
Error (10500): VHDL syntax error at part2_solution.vhd(17) near text "port";  expecting "(", or "'", or "." File: C:/Users/luanm/workspace/unifor/sda/av2/tarefa_2/part2_solution.vhd Line: 17
Error (10500): VHDL syntax error at part2_solution.vhd(17) near text ";";  expecting ":=", or "<=" File: C:/Users/luanm/workspace/unifor/sda/av2/tarefa_2/part2_solution.vhd Line: 17
Error (10500): VHDL syntax error at part2_solution.vhd(18) near text "port";  expecting "(", or "'", or "." File: C:/Users/luanm/workspace/unifor/sda/av2/tarefa_2/part2_solution.vhd Line: 18
Error (10500): VHDL syntax error at part2_solution.vhd(18) near text ";";  expecting ":=", or "<=" File: C:/Users/luanm/workspace/unifor/sda/av2/tarefa_2/part2_solution.vhd Line: 18
Error (10500): VHDL syntax error at part2_solution.vhd(21) near text "port";  expecting "(", or "'", or "." File: C:/Users/luanm/workspace/unifor/sda/av2/tarefa_2/part2_solution.vhd Line: 21
Error (10500): VHDL syntax error at part2_solution.vhd(21) near text ";";  expecting ":=", or "<=" File: C:/Users/luanm/workspace/unifor/sda/av2/tarefa_2/part2_solution.vhd Line: 21
Error (10500): VHDL syntax error at part2_solution.vhd(22) near text "port";  expecting "(", or "'", or "." File: C:/Users/luanm/workspace/unifor/sda/av2/tarefa_2/part2_solution.vhd Line: 22
Error (10500): VHDL syntax error at part2_solution.vhd(22) near text ";";  expecting ":=", or "<=" File: C:/Users/luanm/workspace/unifor/sda/av2/tarefa_2/part2_solution.vhd Line: 22
Info (12021): Found 0 design units, including 0 entities, in source file part2_solution.vhd
Error (10430): VHDL Primary Unit Declaration error at part2.vhd(4): primary unit "part2" already exists in library "work" File: C:/Users/luanm/workspace/unifor/sda/av2/tarefa_2/part2.vhd Line: 4
Error (10784): HDL error at part2_solution.vhd(5): see declaration for object "part2" File: C:/Users/luanm/workspace/unifor/sda/av2/tarefa_2/part2_solution.vhd Line: 5
Info (12021): Found 0 design units, including 0 entities, in source file part2.vhd
Info (12021): Found 4 design units, including 2 entities, in source file part3_solution.vhd
    Info (12022): Found design unit 1: part3_solution-structure
    Info (12022): Found design unit 2: fa_solution-structure
    Info (12023): Found entity 1: part3_solution
    Info (12023): Found entity 2: fa_solution
Info (12021): Found 4 design units, including 2 entities, in source file part4.vhd
    Info (12022): Found design unit 1: part4-structure
    Info (12022): Found design unit 2: part2_part4-structure
    Info (12023): Found entity 1: part4
    Info (12023): Found entity 2: part2_part4
Info (12021): Found 2 design units, including 1 entities, in source file mux2to1_4bit.vhd
    Info (12022): Found design unit 1: mux2to1_4bit-structure
    Info (12023): Found entity 1: mux2to1_4bit
Info (12021): Found 2 design units, including 1 entities, in source file bcd7seg.vhd
    Info (12022): Found design unit 1: bcd7seg-behavior
    Info (12023): Found entity 1: bcd7seg
Info (12021): Found 2 design units, including 1 entities, in source file part5.vhd
    Info (12022): Found design unit 1: part5-behavior
    Info (12023): Found entity 1: part5
Info (12021): Found 2 design units, including 1 entities, in source file part6.vhd
    Info (12022): Found design unit 1: part6-behavior
    Info (12023): Found entity 1: part6
Error: Quartus II 64-Bit Analysis & Synthesis was unsuccessful. 10 errors, 0 warnings
    Error: Peak virtual memory: 4652 megabytes
    Error: Processing ended: Thu Nov 03 16:30:41 2022
    Error: Elapsed time: 00:00:02
    Error: Total CPU time (on all processors): 00:00:00


